<?xml version="1.0" encoding="UTF-8"?>
<!-- Generated by org.testng.reporters.JUnitReportReporter -->
<testsuite hostname="BNGLT-4T55T72" name="stockroomUserManagement.InviteStkroomMembersThroughBatchUpload_Action" tests="1" failures="0" timestamp="24 Jan 2018 10:46:06 GMT" time="78.526" errors="0">
  <testcase name="InviteStkroomMembersThroughBatchUpload" time="78.526" classname="stockroomUserManagement.InviteStkroomMembersThroughBatchUpload_Action"/>
</testsuite> <!-- stockroomUserManagement.InviteStkroomMembersThroughBatchUpload_Action -->
