<?xml version="1.0" encoding="UTF-8"?>
<!-- Generated by org.testng.reporters.JUnitReportReporter -->
<testsuite hostname="BNGLT-4T55T72" name="inventoryModule.EditVendorMaterial_Action" tests="1" failures="0" timestamp="16 Mar 2017 14:22:16 GMT" time="53.373" errors="0">
  <testcase name="EditVendorMaterial" time="53.373" classname="inventoryModule.EditVendorMaterial_Action"/>
</testsuite> <!-- inventoryModule.EditVendorMaterial_Action -->
