<?xml version="1.0" encoding="UTF-8"?>
<!-- Generated by org.testng.reporters.JUnitReportReporter -->
<testsuite hostname="BNGLT-4T55T72" name="userManagement.DeleteMemberAndInviteFromOwner_Action" tests="1" failures="0" timestamp="28 Feb 2018 10:22:11 GMT" time="53.641" errors="0">
  <testcase name="DeleteMemberAndInviteFromOwner" time="53.641" classname="userManagement.DeleteMemberAndInviteFromOwner_Action"/>
</testsuite> <!-- userManagement.DeleteMemberAndInviteFromOwner_Action -->
