<?xml version="1.0" encoding="UTF-8"?>
<!-- Generated by org.testng.reporters.JUnitReportReporter -->
<testsuite hostname="BNGLT-4T55T72" name="ordersModules.SigmaProductOrderFlow_Action" tests="1" failures="0" timestamp="25 Nov 2016 11:51:05 GMT" time="182.674" errors="0">
  <testcase name="SigmaProductOrderFlow" time="182.674" classname="ordersModules.SigmaProductOrderFlow_Action"/>
</testsuite> <!-- ordersModules.SigmaProductOrderFlow_Action -->
