<?xml version="1.0" encoding="UTF-8"?>
<!-- Generated by org.testng.reporters.JUnitReportReporter -->
<testsuite hostname="BNGLT-4T55T72" name="appModules.AddEquipment_Action" tests="1" failures="0" timestamp="24 Nov 2016 13:15:22 GMT" time="79.373" errors="0">
  <testcase name="AddEqip" time="79.373" classname="appModules.AddEquipment_Action"/>
</testsuite> <!-- appModules.AddEquipment_Action -->
