<?xml version="1.0" encoding="UTF-8"?>
<!-- Generated by org.testng.reporters.JUnitReportReporter -->
<testsuite hostname="BNGLT-4T55T72" name="ordersModule.VendorMaterialReorderMemberAsApprover_Action" tests="1" failures="0" timestamp="19 May 2017 12:51:58 GMT" time="224.653" errors="0">
  <testcase name="VendorMaterialReorderMemberAsApprover" time="224.653" classname="ordersModule.VendorMaterialReorderMemberAsApprover_Action"/>
</testsuite> <!-- ordersModule.VendorMaterialReorderMemberAsApprover_Action -->
