<?xml version="1.0" encoding="UTF-8"?>
<!-- Generated by org.testng.reporters.JUnitReportReporter -->
<testsuite hostname="BNGLT-4T55T72" name="stockroomUserManagement.VerifyStockroomName_Action" tests="1" failures="0" timestamp="24 Jan 2018 11:49:52 GMT" time="39.272" errors="0">
  <testcase name="VerifyStockroomName" time="39.272" classname="stockroomUserManagement.VerifyStockroomName_Action"/>
</testsuite> <!-- stockroomUserManagement.VerifyStockroomName_Action -->
