<?xml version="1.0" encoding="UTF-8"?>
<!-- Generated by org.testng.reporters.JUnitReportReporter -->
<testsuite hostname="BNGLT-4T55T72" name="inventoryTestScripts.AddSigmaAldrichMaterial_Action" tests="1" failures="0" timestamp="24 Oct 2017 09:49:04 GMT" time="49.499" errors="1">
  <testcase name="AddSigmaAldrichMaterial" time="49.499" classname="inventoryTestScripts.AddSigmaAldrichMaterial_Action">
    <error type="org.openqa.selenium.WebDriverException" message="Failed to connect to binary FirefoxBinary(C:\Program Files\Mozilla Firefox\firefox.exe) on port 7055; process output follows: 
g add-on formautofill@mozilla.org in app-system-defaults
1508838503019	addons.xpi	DEBUG	Existing add-on onboarding@mozilla.org in app-system-defaults
1508838503019	addons.xpi	DEBUG	Existing add-on screenshots@mozilla.org in app-system-defaults
1508838503020	addons.xpi	DEBUG	Existing add-on shield-recipe-client@mozilla.org in app-system-defaults
1508838503020	addons.xpi	DEBUG	Existing add-on webcompat@mozilla.org in app-system-defaults
1508838503020	addons.xpi	INFO	Mapping {972ce4c6-7e08-4474-a285-3208198ce6fd} to C:\Program Files\Mozilla Firefox\browser\extensions\{972ce4c6-7e08-4474-a285-3208198ce6fd}.xpi
1508838503021	addons.xpi	DEBUG	Existing add-on {972ce4c6-7e08-4474-a285-3208198ce6fd} in app-global
1508838503021	addons.xpi	DEBUG	getInstallState changed: false, state: {}
1508838505241	addons.productaddons	INFO	Completed downloading document
1508838505813	addons.productaddons	INFO	downloadXHR File download. status=200
1508838505815	addons.productaddons	INFO	Downloaded file will be saved to C:\Users\dprakash\AppData\Local\Temp\tmpaddon-532942
1508838506038	DeferredSave.webext.sc.lz4	DEBUG	Starting write
1508838506045	DeferredSave.webext.sc.lz4	DEBUG	Write succeeded
1508838508121	addons.productaddons	INFO	downloadXHR File download. status=200
1508838508124	addons.productaddons	INFO	Downloaded file will be saved to C:\Users\dprakash\AppData\Local\Temp\tmpaddon-8dbd79
1508838516708	addons.xpi	DEBUG	Calling bootstrap method shutdown on webcompat@mozilla.org version 1.1
1508838516709	addons.xpi	DEBUG	Calling bootstrap method shutdown on shield-recipe-client@mozilla.org version 65
1508838516710	addons.xpi	DEBUG	Calling bootstrap method shutdown on screenshots@mozilla.org version 10.12.0
1508838516718	addons.xpi	DEBUG	Calling bootstrap method shutdown on onboarding@mozilla.org version 0.1
1508838516720	addons.xpi	DEBUG	Calling bootstrap method shutdown on formautofill@mozilla.org version 1.0
1508838516721	addons.xpi	DEBUG	Calling bootstrap method shutdown on followonsearch@mozilla.com version 0.9.3
1508838516722	addons.xpi	DEBUG	Calling bootstrap method shutdown on firefox@getpocket.com version 1.0.5
1508838516722	addons.xpi	DEBUG	Calling bootstrap method shutdown on e10srollout@mozilla.org version 3.00
1508838516724	addons.xpi	DEBUG	Calling bootstrap method shutdown on clicktoplay-rollout@mozilla.org version 1.4
1508838516725	addons.xpi	DEBUG	Calling bootstrap method shutdown on aushelper@mozilla.org version 2.0
1508838516726	addons.xpi	DEBUG	Calling bootstrap method shutdown on activity-stream@mozilla.org version 0.0.0
Unable to read VR Path Registry from C:\Users\dprakash\AppData\Local\openvr\openvrpaths.vrpath
[Parent 10044] WARNING: pipe error: 109: file z:/build/build/src/ipc/chromium/src/chrome/common/ipc_channel_win.cc, line 346
Unable to read VR Path Registry from C:\Users\dprakash\AppData\Local\openvr\openvrpaths.vrpath
[Child 6184] WARNING: pipe error: 109: file z:/build/build/src/ipc/chromium/src/chrome/common/ipc_channel_win.cc, line 346
Unable to read VR Path Registry from C:\Users\dprakash\AppData\Local\openvr\openvrpaths.vrpath
[Child 2876] WARNING: pipe error: 109: file z:/build/build/src/ipc/chromium/src/chrome/common/ipc_channel_win.cc, line 346
1508838517248	addons.manager	DEBUG	shutdown
1508838517248	addons.manager	DEBUG	Calling shutdown blocker for XPIProvider
1508838517248	addons.xpi	DEBUG	shutdown
1508838517249	addons.xpi-utils	DEBUG	shutdown
1508838517249	addons.manager	DEBUG	Calling shutdown blocker for LightweightThemeManager
1508838517249	addons.manager	DEBUG	Calling shutdown blocker for GMPProvider
1508838517249	addons.manager	DEBUG	Calling shutdown blocker for PluginProvider
1508838517250	addons.manager	DEBUG	Calling shutdown blocker for PreviousExperimentProvider
1508838517250	addons.manager	DEBUG	Calling shutdown blocker for &lt;unnamed-provider&gt;
1508838517254	addons.manager	DEBUG	Async provider shutdown done
*** UTM:SVC TimerManager:registerTimer called after profile-before-change notification. Ignoring timer registration for id: telemetry_modules_ping

Build info: version: &#039;2.53.0&#039;, revision: &#039;35ae25b&#039;, time: &#039;2016-03-15 16:57:40&#039;
System info: host: &#039;BNGLT-4T55T72&#039;, ip: &#039;10.68.108.117&#039;, os.name: &#039;Windows 7&#039;, os.arch: &#039;amd64&#039;, os.version: &#039;6.1&#039;, java.version: &#039;1.8.0_91&#039;
Driver info: driver.version: FirefoxDriver">
      <![CDATA[org.openqa.selenium.WebDriverException: Failed to connect to binary FirefoxBinary(C:\Program Files\Mozilla Firefox\firefox.exe) on port 7055; process output follows: 
g add-on formautofill@mozilla.org in app-system-defaults
1508838503019	addons.xpi	DEBUG	Existing add-on onboarding@mozilla.org in app-system-defaults
1508838503019	addons.xpi	DEBUG	Existing add-on screenshots@mozilla.org in app-system-defaults
1508838503020	addons.xpi	DEBUG	Existing add-on shield-recipe-client@mozilla.org in app-system-defaults
1508838503020	addons.xpi	DEBUG	Existing add-on webcompat@mozilla.org in app-system-defaults
1508838503020	addons.xpi	INFO	Mapping {972ce4c6-7e08-4474-a285-3208198ce6fd} to C:\Program Files\Mozilla Firefox\browser\extensions\{972ce4c6-7e08-4474-a285-3208198ce6fd}.xpi
1508838503021	addons.xpi	DEBUG	Existing add-on {972ce4c6-7e08-4474-a285-3208198ce6fd} in app-global
1508838503021	addons.xpi	DEBUG	getInstallState changed: false, state: {}
1508838505241	addons.productaddons	INFO	Completed downloading document
1508838505813	addons.productaddons	INFO	downloadXHR File download. status=200
1508838505815	addons.productaddons	INFO	Downloaded file will be saved to C:\Users\dprakash\AppData\Local\Temp\tmpaddon-532942
1508838506038	DeferredSave.webext.sc.lz4	DEBUG	Starting write
1508838506045	DeferredSave.webext.sc.lz4	DEBUG	Write succeeded
1508838508121	addons.productaddons	INFO	downloadXHR File download. status=200
1508838508124	addons.productaddons	INFO	Downloaded file will be saved to C:\Users\dprakash\AppData\Local\Temp\tmpaddon-8dbd79
1508838516708	addons.xpi	DEBUG	Calling bootstrap method shutdown on webcompat@mozilla.org version 1.1
1508838516709	addons.xpi	DEBUG	Calling bootstrap method shutdown on shield-recipe-client@mozilla.org version 65
1508838516710	addons.xpi	DEBUG	Calling bootstrap method shutdown on screenshots@mozilla.org version 10.12.0
1508838516718	addons.xpi	DEBUG	Calling bootstrap method shutdown on onboarding@mozilla.org version 0.1
1508838516720	addons.xpi	DEBUG	Calling bootstrap method shutdown on formautofill@mozilla.org version 1.0
1508838516721	addons.xpi	DEBUG	Calling bootstrap method shutdown on followonsearch@mozilla.com version 0.9.3
1508838516722	addons.xpi	DEBUG	Calling bootstrap method shutdown on firefox@getpocket.com version 1.0.5
1508838516722	addons.xpi	DEBUG	Calling bootstrap method shutdown on e10srollout@mozilla.org version 3.00
1508838516724	addons.xpi	DEBUG	Calling bootstrap method shutdown on clicktoplay-rollout@mozilla.org version 1.4
1508838516725	addons.xpi	DEBUG	Calling bootstrap method shutdown on aushelper@mozilla.org version 2.0
1508838516726	addons.xpi	DEBUG	Calling bootstrap method shutdown on activity-stream@mozilla.org version 0.0.0
Unable to read VR Path Registry from C:\Users\dprakash\AppData\Local\openvr\openvrpaths.vrpath
[Parent 10044] WARNING: pipe error: 109: file z:/build/build/src/ipc/chromium/src/chrome/common/ipc_channel_win.cc, line 346
Unable to read VR Path Registry from C:\Users\dprakash\AppData\Local\openvr\openvrpaths.vrpath
[Child 6184] WARNING: pipe error: 109: file z:/build/build/src/ipc/chromium/src/chrome/common/ipc_channel_win.cc, line 346
Unable to read VR Path Registry from C:\Users\dprakash\AppData\Local\openvr\openvrpaths.vrpath
[Child 2876] WARNING: pipe error: 109: file z:/build/build/src/ipc/chromium/src/chrome/common/ipc_channel_win.cc, line 346
1508838517248	addons.manager	DEBUG	shutdown
1508838517248	addons.manager	DEBUG	Calling shutdown blocker for XPIProvider
1508838517248	addons.xpi	DEBUG	shutdown
1508838517249	addons.xpi-utils	DEBUG	shutdown
1508838517249	addons.manager	DEBUG	Calling shutdown blocker for LightweightThemeManager
1508838517249	addons.manager	DEBUG	Calling shutdown blocker for GMPProvider
1508838517249	addons.manager	DEBUG	Calling shutdown blocker for PluginProvider
1508838517250	addons.manager	DEBUG	Calling shutdown blocker for PreviousExperimentProvider
1508838517250	addons.manager	DEBUG	Calling shutdown blocker for <unnamed-provider>
1508838517254	addons.manager	DEBUG	Async provider shutdown done
*** UTM:SVC TimerManager:registerTimer called after profile-before-change notification. Ignoring timer registration for id: telemetry_modules_ping

Build info: version: '2.53.0', revision: '35ae25b', time: '2016-03-15 16:57:40'
System info: host: 'BNGLT-4T55T72', ip: '10.68.108.117', os.name: 'Windows 7', os.arch: 'amd64', os.version: '6.1', java.version: '1.8.0_91'
Driver info: driver.version: FirefoxDriver
	at org.openqa.selenium.firefox.internal.NewProfileExtensionConnection.start(NewProfileExtensionConnection.java:124)
	at org.openqa.selenium.firefox.FirefoxDriver.startClient(FirefoxDriver.java:271)
	at org.openqa.selenium.remote.RemoteWebDriver.<init>(RemoteWebDriver.java:119)
	at org.openqa.selenium.firefox.FirefoxDriver.<init>(FirefoxDriver.java:218)
	at org.openqa.selenium.firefox.FirefoxDriver.<init>(FirefoxDriver.java:211)
	at org.openqa.selenium.firefox.FirefoxDriver.<init>(FirefoxDriver.java:207)
	at org.openqa.selenium.firefox.FirefoxDriver.<init>(FirefoxDriver.java:120)
	at utills.Utills.SelectBrowser(Utills.java:37)
	at testBase.TestBase.init(TestBase.java:30)
	at inventoryTestScripts.AddSigmaAldrichMaterial_Action.AddSigmaAldrichMaterial(AddSigmaAldrichMaterial_Action.java:14)
	at sun.reflect.NativeMethodAccessorImpl.invoke0(Native Method)
	at sun.reflect.NativeMethodAccessorImpl.invoke(Unknown Source)
	at sun.reflect.DelegatingMethodAccessorImpl.invoke(Unknown Source)
	at java.lang.reflect.Method.invoke(Unknown Source)
	at org.testng.internal.MethodInvocationHelper.invokeMethod(MethodInvocationHelper.java:85)
	at org.testng.internal.Invoker.invokeMethod(Invoker.java:639)
	at org.testng.internal.Invoker.invokeTestMethod(Invoker.java:816)
	at org.testng.internal.Invoker.invokeTestMethods(Invoker.java:1124)
	at org.testng.internal.TestMethodWorker.invokeTestMethods(TestMethodWorker.java:125)
	at org.testng.internal.TestMethodWorker.run(TestMethodWorker.java:108)
	at org.testng.TestRunner.privateRun(TestRunner.java:774)
	at org.testng.TestRunner.run(TestRunner.java:624)
	at org.testng.SuiteRunner.runTest(SuiteRunner.java:359)
	at org.testng.SuiteRunner.runSequentially(SuiteRunner.java:354)
	at org.testng.SuiteRunner.privateRun(SuiteRunner.java:312)
	at org.testng.SuiteRunner.run(SuiteRunner.java:261)
	at org.testng.SuiteRunnerWorker.runSuite(SuiteRunnerWorker.java:52)
	at org.testng.SuiteRunnerWorker.run(SuiteRunnerWorker.java:86)
	at org.testng.TestNG.runSuitesSequentially(TestNG.java:1215)
	at org.testng.TestNG.runSuitesLocally(TestNG.java:1140)
	at org.testng.TestNG.run(TestNG.java:1048)
	at org.testng.remote.AbstractRemoteTestNG.run(AbstractRemoteTestNG.java:126)
	at org.testng.remote.RemoteTestNG.initAndRun(RemoteTestNG.java:137)
	at org.testng.remote.RemoteTestNG.main(RemoteTestNG.java:58)
Caused by: org.openqa.selenium.firefox.NotConnectedException: Unable to connect to host 127.0.0.1 on port 7055 after 45000 ms. Firefox console output:
g add-on formautofill@mozilla.org in app-system-defaults
1508838503019	addons.xpi	DEBUG	Existing add-on onboarding@mozilla.org in app-system-defaults
1508838503019	addons.xpi	DEBUG	Existing add-on screenshots@mozilla.org in app-system-defaults
1508838503020	addons.xpi	DEBUG	Existing add-on shield-recipe-client@mozilla.org in app-system-defaults
1508838503020	addons.xpi	DEBUG	Existing add-on webcompat@mozilla.org in app-system-defaults
1508838503020	addons.xpi	INFO	Mapping {972ce4c6-7e08-4474-a285-3208198ce6fd} to C:\Program Files\Mozilla Firefox\browser\extensions\{972ce4c6-7e08-4474-a285-3208198ce6fd}.xpi
1508838503021	addons.xpi	DEBUG	Existing add-on {972ce4c6-7e08-4474-a285-3208198ce6fd} in app-global
1508838503021	addons.xpi	DEBUG	getInstallState changed: false, state: {}
1508838505241	addons.productaddons	INFO	Completed downloading document
1508838505813	addons.productaddons	INFO	downloadXHR File download. status=200
1508838505815	addons.productaddons	INFO	Downloaded file will be saved to C:\Users\dprakash\AppData\Local\Temp\tmpaddon-532942
1508838506038	DeferredSave.webext.sc.lz4	DEBUG	Starting write
1508838506045	DeferredSave.webext.sc.lz4	DEBUG	Write succeeded
1508838508121	addons.productaddons	INFO	downloadXHR File download. status=200
1508838508124	addons.productaddons	INFO	Downloaded file will be saved to C:\Users\dprakash\AppData\Local\Temp\tmpaddon-8dbd79
1508838516708	addons.xpi	DEBUG	Calling bootstrap method shutdown on webcompat@mozilla.org version 1.1
1508838516709	addons.xpi	DEBUG	Calling bootstrap method shutdown on shield-recipe-client@mozilla.org version 65
1508838516710	addons.xpi	DEBUG	Calling bootstrap method shutdown on screenshots@mozilla.org version 10.12.0
1508838516718	addons.xpi	DEBUG	Calling bootstrap method shutdown on onboarding@mozilla.org version 0.1
1508838516720	addons.xpi	DEBUG	Calling bootstrap method shutdown on formautofill@mozilla.org version 1.0
1508838516721	addons.xpi	DEBUG	Calling bootstrap method shutdown on followonsearch@mozilla.com version 0.9.3
1508838516722	addons.xpi	DEBUG	Calling bootstrap method shutdown on firefox@getpocket.com version 1.0.5
1508838516722	addons.xpi	DEBUG	Calling bootstrap method shutdown on e10srollout@mozilla.org version 3.00
1508838516724	addons.xpi	DEBUG	Calling bootstrap method shutdown on clicktoplay-rollout@mozilla.org version 1.4
1508838516725	addons.xpi	DEBUG	Calling bootstrap method shutdown on aushelper@mozilla.org version 2.0
1508838516726	addons.xpi	DEBUG	Calling bootstrap method shutdown on activity-stream@mozilla.org version 0.0.0
Unable to read VR Path Registry from C:\Users\dprakash\AppData\Local\openvr\openvrpaths.vrpath
[Parent 10044] WARNING: pipe error: 109: file z:/build/build/src/ipc/chromium/src/chrome/common/ipc_channel_win.cc, line 346
Unable to read VR Path Registry from C:\Users\dprakash\AppData\Local\openvr\openvrpaths.vrpath
[Child 6184] WARNING: pipe error: 109: file z:/build/build/src/ipc/chromium/src/chrome/common/ipc_channel_win.cc, line 346
Unable to read VR Path Registry from C:\Users\dprakash\AppData\Local\openvr\openvrpaths.vrpath
[Child 2876] WARNING: pipe error: 109: file z:/build/build/src/ipc/chromium/src/chrome/common/ipc_channel_win.cc, line 346
1508838517248	addons.manager	DEBUG	shutdown
1508838517248	addons.manager	DEBUG	Calling shutdown blocker for XPIProvider
1508838517248	addons.xpi	DEBUG	shutdown
1508838517249	addons.xpi-utils	DEBUG	shutdown
1508838517249	addons.manager	DEBUG	Calling shutdown blocker for LightweightThemeManager
1508838517249	addons.manager	DEBUG	Calling shutdown blocker for GMPProvider
1508838517249	addons.manager	DEBUG	Calling shutdown blocker for PluginProvider
1508838517250	addons.manager	DEBUG	Calling shutdown blocker for PreviousExperimentProvider
1508838517250	addons.manager	DEBUG	Calling shutdown blocker for <unnamed-provider>
1508838517254	addons.manager	DEBUG	Async provider shutdown done
*** UTM:SVC TimerManager:registerTimer called after profile-before-change notification. Ignoring timer registration for id: telemetry_modules_ping

	at org.openqa.selenium.firefox.internal.NewProfileExtensionConnection.start(NewProfileExtensionConnection.java:112)
	... 33 more
]]>
    </error>
  </testcase> <!-- AddSigmaAldrichMaterial -->
</testsuite> <!-- inventoryTestScripts.AddSigmaAldrichMaterial_Action -->
