<?xml version="1.0" encoding="UTF-8"?>
<!-- Generated by org.testng.reporters.JUnitReportReporter -->
<testsuite hostname="BNGLT-4T55T72" name="stockroomModule.SpecialOrderRequest_Action" tests="1" failures="0" timestamp="29 May 2017 13:49:59 GMT" time="91.254" errors="0">
  <testcase name="SpecialOrderRequest" time="91.254" classname="stockroomModule.SpecialOrderRequest_Action"/>
</testsuite> <!-- stockroomModule.SpecialOrderRequest_Action -->
