<?xml version="1.0" encoding="UTF-8"?>
<!-- Generated by org.testng.reporters.JUnitReportReporter -->
<testsuite hostname="BNGLT-4T55T72" name="storageMovement.Scenario2_Action" tests="1" failures="0" timestamp="22 May 2017 16:36:06 GMT" time="85.177" errors="0">
  <testcase name="Scenario2" time="85.177" classname="storageMovement.Scenario2_Action"/>
</testsuite> <!-- storageMovement.Scenario2_Action -->
