<?xml version="1.0" encoding="UTF-8"?>
<!-- Generated by org.testng.reporters.JUnitReportReporter -->
<testsuite hostname="BNGLT-4T55T72" name="ordersModules.AddProductsToCartLabCatalogSelProdUpdate_Action" tests="1" failures="0" timestamp="25 Nov 2016 10:24:59 GMT" time="68.682" errors="0">
  <testcase name="AddProductsToCartLabCatalogSelProdUpdate" time="68.682" classname="ordersModules.AddProductsToCartLabCatalogSelProdUpdate_Action"/>
</testsuite> <!-- ordersModules.AddProductsToCartLabCatalogSelProdUpdate_Action -->
