<?xml version="1.0" encoding="UTF-8"?>
<!-- Generated by org.testng.reporters.JUnitReportReporter -->
<testsuite hostname="BNGLT-4T55T72" name="userManagement.LabSettings_Action" tests="1" failures="0" timestamp="27 Feb 2018 09:50:51 GMT" time="165.881" errors="0">
  <testcase name="LabSettings" time="165.881" classname="userManagement.LabSettings_Action"/>
</testsuite> <!-- userManagement.LabSettings_Action -->
