<?xml version="1.0" encoding="UTF-8"?>
<!-- Generated by org.testng.reporters.JUnitReportReporter -->
<testsuite hostname="BNGLT-4T55T72" name="stockroomUserManagement.StkRoomAdminMemberListFunctionality_Action" tests="1" failures="0" timestamp="5 Feb 2018 11:48:11 GMT" time="184.784" errors="0">
  <testcase name="StkRoomAdminMemberListFunctionality" time="184.784" classname="stockroomUserManagement.StkRoomAdminMemberListFunctionality_Action"/>
</testsuite> <!-- stockroomUserManagement.StkRoomAdminMemberListFunctionality_Action -->
