<?xml version="1.0" encoding="UTF-8"?>
<!-- Generated by org.testng.reporters.JUnitReportReporter -->
<testsuite hostname="BNGLT-4T55T72" name="userManagement.EditLabValidationMessage_Action" tests="1" failures="0" timestamp="27 Feb 2018 13:04:33 GMT" time="39.925" errors="0">
  <testcase name="EditLabValidationMessage" time="39.925" classname="userManagement.EditLabValidationMessage_Action"/>
</testsuite> <!-- userManagement.EditLabValidationMessage_Action -->
