<?xml version="1.0" encoding="UTF-8"?>
<!-- Generated by org.testng.reporters.JUnitReportReporter -->
<testsuite hostname="BNGLT-4T55T72" name="storageMovement.Scenario15_Action" tests="1" failures="0" timestamp="24 Apr 2017 13:47:26 GMT" time="61.768" errors="0">
  <testcase name="Scenario15" time="61.768" classname="storageMovement.Scenario15_Action"/>
</testsuite> <!-- storageMovement.Scenario15_Action -->
