<?xml version="1.0" encoding="UTF-8"?>
<!-- Generated by org.testng.reporters.JUnitReportReporter -->
<testsuite hostname="BNGLT-4T55T72" name="ordersModule.AddProductsToCartLabCatalogCartIcon_Action" tests="1" failures="0" timestamp="19 May 2017 13:08:47 GMT" time="75.509" errors="0">
  <testcase name="AddProductsToCartLabCatalogCartIcon" time="75.509" classname="ordersModule.AddProductsToCartLabCatalogCartIcon_Action"/>
</testsuite> <!-- ordersModule.AddProductsToCartLabCatalogCartIcon_Action -->
