<?xml version="1.0" encoding="UTF-8"?>
<!-- Generated by org.testng.reporters.JUnitReportReporter -->
<testsuite hostname="BNGLT-4T55T72" name="appModules.AddHomegrown_Action" tests="1" failures="0" timestamp="1 Aug 2016 09:24:55 GMT" time="37.409" errors="0">
  <testcase name="AddEqip" time="37.409" classname="appModules.AddHomegrown_Action"/>
</testsuite> <!-- appModules.AddHomegrown_Action -->
