<?xml version="1.0" encoding="UTF-8"?>
<!-- Generated by org.testng.reporters.JUnitReportReporter -->
<testsuite hostname="BNGLT-4T55T72" name="stockroomModule.stockroomLead.StockroomLeadDLSplOrdTemp_Action" tests="1" failures="0" timestamp="31 May 2017 16:42:27 GMT" time="47.313" errors="0">
  <testcase name="StockroomLeadDLSplOrdTemp" time="47.313" classname="stockroomModule.stockroomLead.StockroomLeadDLSplOrdTemp_Action"/>
</testsuite> <!-- stockroomModule.stockroomLead.StockroomLeadDLSplOrdTemp_Action -->
