<?xml version="1.0" encoding="UTF-8"?>
<!-- Generated by org.testng.reporters.JUnitReportReporter -->
<testsuite hostname="BNGLT-4T55T72" name="storageMovement.Scenario13_Action" tests="1" failures="0" timestamp="24 Apr 2017 13:43:45 GMT" time="86.759" errors="0">
  <testcase name="Scenario13" time="86.759" classname="storageMovement.Scenario13_Action"/>
</testsuite> <!-- storageMovement.Scenario13_Action -->
