<?xml version="1.0" encoding="UTF-8"?>
<!-- Generated by org.testng.reporters.JUnitReportReporter -->
<testsuite hostname="BNGLT-4T55T72" name="storageMovement.Scenario6_Action" tests="1" failures="0" timestamp="26 Apr 2017 13:09:54 GMT" time="76.774" errors="0">
  <testcase name="Scenario6" time="76.774" classname="storageMovement.Scenario6_Action"/>
</testsuite> <!-- storageMovement.Scenario6_Action -->
