<?xml version="1.0" encoding="UTF-8"?>
<!-- Generated by org.testng.reporters.JUnitReportReporter -->
<testsuite hostname="BNGLT-4T55T72" name="ordersModule.AddProductsToCartLabCatalogSavenAddToCart_Action" tests="1" failures="0" timestamp="19 May 2017 10:39:07 GMT" time="68.804" errors="0">
  <testcase name="AddProductsToCartLabCatalogSavenAddToCart" time="68.804" classname="ordersModule.AddProductsToCartLabCatalogSavenAddToCart_Action"/>
</testsuite> <!-- ordersModule.AddProductsToCartLabCatalogSavenAddToCart_Action -->
