<?xml version="1.0" encoding="UTF-8"?>
<!-- Generated by org.testng.reporters.JUnitReportReporter -->
<testsuite hostname="BNGLT-4T55T72" name="researchModule.CheckChemExpCodeUploadStr_Action" tests="1" failures="0" timestamp="23 May 2017 16:11:02 GMT" time="134.227" errors="0">
  <testcase name="CheckChemExpCodeUploadStr" time="134.227" classname="researchModule.CheckChemExpCodeUploadStr_Action"/>
</testsuite> <!-- researchModule.CheckChemExpCodeUploadStr_Action -->
