<?xml version="1.0" encoding="UTF-8"?>
<!-- Generated by org.testng.reporters.JUnitReportReporter -->
<testsuite hostname="BNGLT-4T55T72" name="sampleAndAssayModule.WorkflowRunList" tests="1" failures="0" timestamp="8 Feb 2017 16:53:23 GMT" time="70.461" errors="0">
  <testcase name="WorkflowRun" time="70.461" classname="sampleAndAssayModule.WorkflowRunList"/>
</testsuite> <!-- sampleAndAssayModule.WorkflowRunList -->
