<?xml version="1.0" encoding="UTF-8"?>
<!-- Generated by org.testng.reporters.JUnitReportReporter -->
<testsuite hostname="BNGLT-4T55T72" name="EHSUser.DownloadMaterialSpreadsheet_Action" tests="1" failures="0" timestamp="17 May 2017 14:03:40 GMT" time="128.925" errors="0">
  <testcase name="MaterialView" time="128.925" classname="EHSUser.DownloadMaterialSpreadsheet_Action"/>
</testsuite> <!-- EHSUser.DownloadMaterialSpreadsheet_Action -->
