<?xml version="1.0" encoding="UTF-8"?>
<!-- Generated by org.testng.reporters.JUnitReportReporter -->
<testsuite hostname="BNGLT-4T55T72" name="ordersModules.AddProductsToCartMaterialMultiselectReorder_Action" tests="1" failures="0" timestamp="25 Nov 2016 16:52:03 GMT" time="78.887" errors="0">
  <testcase name="AddProductsToCartMaterialMultiselectReorder" time="78.887" classname="ordersModules.AddProductsToCartMaterialMultiselectReorder_Action"/>
</testsuite> <!-- ordersModules.AddProductsToCartMaterialMultiselectReorder_Action -->
