<?xml version="1.0" encoding="UTF-8"?>
<!-- Generated by org.testng.reporters.JUnitReportReporter -->
<testsuite hostname="BNGLT-4T55T72" name="sampleAndAssayModule.Searchbox" tests="1" failures="0" timestamp="9 Feb 2017 13:38:15 GMT" time="87.731" errors="0">
  <testcase name="Searchboxfield" time="87.731" classname="sampleAndAssayModule.Searchbox"/>
</testsuite> <!-- sampleAndAssayModule.Searchbox -->
