<?xml version="1.0" encoding="UTF-8"?>
<!-- Generated by org.testng.reporters.JUnitReportReporter -->
<testsuite hostname="BNGLT-4T55T72" name="appModules.MessageValidationEquipmentsPage" tests="1" failures="0" timestamp="24 Nov 2016 11:13:33 GMT" time="53.547" errors="0">
  <testcase name="MessValEquip" time="53.547" classname="appModules.MessageValidationEquipmentsPage"/>
</testsuite> <!-- appModules.MessageValidationEquipmentsPage -->
