<?xml version="1.0" encoding="UTF-8"?>
<!-- Generated by org.testng.reporters.JUnitReportReporter -->
<testsuite hostname="BNGLT-4T55T72" name="userManagement.UserProfileUpdateEmailVerification_Action" tests="1" failures="0" timestamp="6 Feb 2018 16:05:23 GMT" time="93.821" errors="0">
  <testcase name="UserRoleChangeEmailVerification" time="93.821" classname="userManagement.UserProfileUpdateEmailVerification_Action"/>
</testsuite> <!-- userManagement.UserProfileUpdateEmailVerification_Action -->
