<?xml version="1.0" encoding="UTF-8"?>
<!-- Generated by org.testng.reporters.JUnitReportReporter -->
<testsuite hostname="BNGLT-4T55T72" name="stockroomModule.UploadProductBatch_Action" tests="1" failures="0" timestamp="26 May 2017 12:29:53 GMT" time="103.405" errors="0">
  <testcase name="DownloadProductTemplate" time="103.405" classname="stockroomModule.UploadProductBatch_Action"/>
</testsuite> <!-- stockroomModule.UploadProductBatch_Action -->
