<?xml version="1.0" encoding="UTF-8"?>
<!-- Generated by org.testng.reporters.JUnitReportReporter -->
<testsuite hostname="BNGLT-4T55T72" name="inventoryModule.ScheduleEquipment_Action" tests="1" failures="0" timestamp="16 Mar 2017 14:11:03 GMT" time="120.872" errors="0">
  <testcase name="ScheduleEquipment" time="120.872" classname="inventoryModule.ScheduleEquipment_Action"/>
</testsuite> <!-- inventoryModule.ScheduleEquipment_Action -->
