<?xml version="1.0" encoding="UTF-8"?>
<!-- Generated by org.testng.reporters.JUnitReportReporter -->
<testsuite hostname="BNGLT-4T55T72" name="userManagement.ForgotPassword_Action" tests="1" failures="0" timestamp="8 Jan 2018 10:25:55 GMT" time="14.507" errors="0">
  <testcase name="ForgotPassword" time="14.507" classname="userManagement.ForgotPassword_Action"/>
</testsuite> <!-- userManagement.ForgotPassword_Action -->
