<?xml version="1.0" encoding="UTF-8"?>
<!-- Generated by org.testng.reporters.JUnitReportReporter -->
<testsuite hostname="BNGLT-4T55T72" name="storageMovement.Scenario17_Action" tests="1" failures="0" timestamp="24 Apr 2017 14:06:20 GMT" time="85.205" errors="0">
  <testcase name="Scenario17" time="85.205" classname="storageMovement.Scenario17_Action"/>
</testsuite> <!-- storageMovement.Scenario17_Action -->
