<?xml version="1.0" encoding="UTF-8"?>
<!-- Generated by org.testng.reporters.JUnitReportReporter -->
<testsuite hostname="BNGLT-4T55T72" name="appModules.EditHomegrownMaterial_Action" tests="1" failures="0" timestamp="24 Nov 2016 13:38:27 GMT" time="58.231" errors="0">
  <testcase name="EditHomegrownMaterial" time="58.231" classname="appModules.EditHomegrownMaterial_Action"/>
</testsuite> <!-- appModules.EditHomegrownMaterial_Action -->
