<?xml version="1.0" encoding="UTF-8"?>
<!-- Generated by org.testng.reporters.JUnitReportReporter -->
<testsuite hostname="BNGLT-4T55T72" name="appModules.EditRoomLevel_Action" tests="1" failures="0" timestamp="24 Nov 2016 13:45:59 GMT" time="88.857" errors="0">
  <testcase name="EditRoomLevel" time="88.857" classname="appModules.EditRoomLevel_Action"/>
</testsuite> <!-- appModules.EditRoomLevel_Action -->
