<?xml version="1.0" encoding="UTF-8"?>
<!-- Generated by org.testng.reporters.JUnitReportReporter -->
<testsuite hostname="BNGLT-4T55T72" name="storageMovement.Scenario5_Action" tests="1" failures="0" timestamp="26 Apr 2017 13:08:27 GMT" time="73.944" errors="0">
  <testcase name="Scenario5" time="73.944" classname="storageMovement.Scenario5_Action"/>
</testsuite> <!-- storageMovement.Scenario5_Action -->
