<?xml version="1.0" encoding="UTF-8"?>
<!-- Generated by org.testng.reporters.JUnitReportReporter -->
<testsuite hostname="BNGLT-4T55T72" name="appModules.EditVendor_Action" tests="1" failures="0" timestamp="15 Sep 2016 09:54:33 GMT" time="47.263" errors="0">
  <testcase name="EditVen" time="47.263" classname="appModules.EditVendor_Action"/>
</testsuite> <!-- appModules.EditVendor_Action -->
