<?xml version="1.0" encoding="UTF-8"?>
<!-- Generated by org.testng.reporters.JUnitReportReporter -->
<testsuite hostname="BNGLT-4T55T72" name="EHSUser.EquipmentView_Action" tests="1" failures="0" timestamp="17 May 2017 14:34:01 GMT" time="88.555" errors="0">
  <testcase name="EquipmentView" time="88.555" classname="EHSUser.EquipmentView_Action"/>
</testsuite> <!-- EHSUser.EquipmentView_Action -->
