<?xml version="1.0" encoding="UTF-8"?>
<!-- Generated by org.testng.reporters.JUnitReportReporter -->
<testsuite hostname="BNGLT-4T55T72" name="researchModule.AddProductChemistryExp_Action" tests="1" failures="0" timestamp="23 May 2017 10:11:40 GMT" time="127.878" errors="0">
  <testcase name="AddProductChemistryExp" time="127.878" classname="researchModule.AddProductChemistryExp_Action"/>
</testsuite> <!-- researchModule.AddProductChemistryExp_Action -->
