<?xml version="1.0" encoding="UTF-8"?>
<!-- Generated by org.testng.reporters.JUnitReportReporter -->
<testsuite hostname="BNGLT-4T55T72" name="userManagement.ExistingMemberInvitation_Action" tests="1" failures="0" timestamp="27 Feb 2018 09:57:14 GMT" time="53.602" errors="0">
  <testcase name="ExistingMemberInvitation" time="53.602" classname="userManagement.ExistingMemberInvitation_Action"/>
</testsuite> <!-- userManagement.ExistingMemberInvitation_Action -->
