<?xml version="1.0" encoding="UTF-8"?>
<!-- Generated by org.testng.reporters.JUnitReportReporter -->
<testsuite hostname="BNGLT-4T55T72" name="storageMovement.Scenario9_Action" tests="1" failures="0" timestamp="26 Apr 2017 13:14:16 GMT" time="67.856" errors="0">
  <testcase name="Scenario9" time="67.856" classname="storageMovement.Scenario9_Action"/>
</testsuite> <!-- storageMovement.Scenario9_Action -->
