<?xml version="1.0" encoding="UTF-8"?>
<!-- Generated by org.testng.reporters.JUnitReportReporter -->
<testsuite hostname="BNGLT-4T55T72" name="stockroomModule.stockroomAdmin.StockroomAdminSpecialOrderRequest_Action" tests="1" failures="0" timestamp="6 Jun 2017 12:34:48 GMT" time="96.456" errors="0">
  <testcase name="StockroomAdminSpecialOrderRequest" time="96.456" classname="stockroomModule.stockroomAdmin.StockroomAdminSpecialOrderRequest_Action"/>
</testsuite> <!-- stockroomModule.stockroomAdmin.StockroomAdminSpecialOrderRequest_Action -->
