<?xml version="1.0" encoding="UTF-8"?>
<!-- Generated by org.testng.reporters.JUnitReportReporter -->
<testsuite hostname="BNGLT-4T55T72" name="sampleAndAssayModule.SampleTemplate" tests="1" failures="0" timestamp="8 Feb 2017 16:24:04 GMT" time="49.848" errors="0">
  <testcase name="CreateSample" time="49.848" classname="sampleAndAssayModule.SampleTemplate"/>
</testsuite> <!-- sampleAndAssayModule.SampleTemplate -->
