<?xml version="1.0" encoding="UTF-8"?>
<!-- Generated by org.testng.reporters.JUnitReportReporter -->
<testsuite hostname="BNGLT-4T55T72" name="appModules.SearchSigmaAldrichVendorMaterial_Action" tests="1" failures="0" timestamp="24 Nov 2016 10:28:42 GMT" time="117.839" errors="0">
  <testcase name="SearchSigmaAldrichVendorMaterial" time="117.839" classname="appModules.SearchSigmaAldrichVendorMaterial_Action"/>
</testsuite> <!-- appModules.SearchSigmaAldrichVendorMaterial_Action -->
