<?xml version="1.0" encoding="UTF-8"?>
<!-- Generated by org.testng.reporters.JUnitReportReporter -->
<testsuite hostname="BNGLT-4T55T72" name="EHSUser.DisposalPendingEHS_Action" tests="1" failures="0" timestamp="18 May 2017 10:01:18 GMT" time="134.859" errors="0">
  <testcase name="MaterialView" time="134.859" classname="EHSUser.DisposalPendingEHS_Action"/>
</testsuite> <!-- EHSUser.DisposalPendingEHS_Action -->
