<?xml version="1.0" encoding="UTF-8"?>
<!-- Generated by org.testng.reporters.JUnitReportReporter -->
<testsuite hostname="BNGLT-4T55T72" name="stockroomModule.MSSales.MSSalesUploadSplOrder_Action" tests="1" failures="0" timestamp="1 Jun 2017 16:30:28 GMT" time="63.500" errors="0">
  <testcase name="MSSalesUploadSplOrder" time="63.500" classname="stockroomModule.MSSales.MSSalesUploadSplOrder_Action"/>
</testsuite> <!-- stockroomModule.MSSales.MSSalesUploadSplOrder_Action -->
