<?xml version="1.0" encoding="UTF-8"?>
<!-- Generated by org.testng.reporters.JUnitReportReporter -->
<testsuite hostname="BNGLT-4T55T72" name="ordersModule.AddProductsToCartLabCatalogSelProdUpdate_Action" tests="1" failures="0" timestamp="19 May 2017 10:16:42 GMT" time="82.604" errors="0">
  <testcase name="AddProductsToCartLabCatalogSelProdUpdate" time="82.604" classname="ordersModule.AddProductsToCartLabCatalogSelProdUpdate_Action"/>
</testsuite> <!-- ordersModule.AddProductsToCartLabCatalogSelProdUpdate_Action -->
