<?xml version="1.0" encoding="UTF-8"?>
<!-- Generated by org.testng.reporters.JUnitReportReporter -->
<testsuite hostname="BNGLT-4T55T72" name="userManagement.EditNameValidationMessage_Action" tests="1" failures="0" timestamp="27 Feb 2018 13:03:42 GMT" time="53.099" errors="0">
  <testcase name="EditNameValidationMessage" time="53.099" classname="userManagement.EditNameValidationMessage_Action"/>
</testsuite> <!-- userManagement.EditNameValidationMessage_Action -->
