<?xml version="1.0" encoding="UTF-8"?>
<!-- Generated by org.testng.reporters.JUnitReportReporter -->
<testsuite hostname="BNGLT-4T55T72" name="storageMovement.Scenario12_Action" tests="1" failures="0" timestamp="24 Apr 2017 13:42:08 GMT" time="63.077" errors="0">
  <testcase name="Scenario12" time="63.077" classname="storageMovement.Scenario12_Action"/>
</testsuite> <!-- storageMovement.Scenario12_Action -->
