<?xml version="1.0" encoding="UTF-8"?>
<!-- Generated by org.testng.reporters.JUnitReportReporter -->
<testsuite hostname="BNGLT-4T55T72" name="inventoryModule.VerifyInventoryActivityMaterialCreationTimeCST_Action" tests="1" failures="0" timestamp="8 Feb 2017 10:17:47 GMT" time="105.944" errors="0">
  <testcase name="VerifyInventoryActivityMaterialCreationTimeCST" time="105.944" classname="inventoryModule.VerifyInventoryActivityMaterialCreationTimeCST_Action"/>
</testsuite> <!-- inventoryModule.VerifyInventoryActivityMaterialCreationTimeCST_Action -->
