<?xml version="1.0" encoding="UTF-8"?>
<!-- Generated by org.testng.reporters.JUnitReportReporter -->
<testsuite hostname="BNGLT-4T55T72" name="jiraTickets.JiraTicket10257_Action" tests="1" failures="0" timestamp="28 Apr 2017 09:40:49 GMT" time="102.496" errors="0">
  <testcase name="JiraTicket10257" time="102.496" classname="jiraTickets.JiraTicket10257_Action"/>
</testsuite> <!-- jiraTickets.JiraTicket10257_Action -->
