<?xml version="1.0" encoding="UTF-8"?>
<!-- Generated by org.testng.reporters.JUnitReportReporter -->
<testsuite hostname="BNGLT-4T55T72" name="storageMovement.Scenario21_24_Action" tests="1" failures="0" timestamp="24 Apr 2017 14:21:10 GMT" time="212.375" errors="0">
  <testcase name="Scenario21_24" time="212.375" classname="storageMovement.Scenario21_24_Action"/>
</testsuite> <!-- storageMovement.Scenario21_24_Action -->
