<?xml version="1.0" encoding="UTF-8"?>
<!-- Generated by org.testng.reporters.JUnitReportReporter -->
<testsuite hostname="BNGLT-4T55T72" name="ordersModule.SigmaProductOrderFlow_Action" tests="1" failures="0" timestamp="19 May 2017 16:10:18 GMT" time="191.888" errors="0">
  <testcase name="SigmaProductOrderFlow" time="191.888" classname="ordersModule.SigmaProductOrderFlow_Action"/>
</testsuite> <!-- ordersModule.SigmaProductOrderFlow_Action -->
