<?xml version="1.0" encoding="UTF-8"?>
<!-- Generated by org.testng.reporters.JUnitReportReporter -->
<testsuite hostname="BNGLT-4T55T72" name="stockroomModule.stockroomLead.StockroomLeadSpecialOrderRequest_Action" tests="1" failures="0" timestamp="31 May 2017 16:32:36 GMT" time="79.296" errors="0">
  <testcase name="StockroomLeadSpecialOrderRequest" time="79.296" classname="stockroomModule.stockroomLead.StockroomLeadSpecialOrderRequest_Action"/>
</testsuite> <!-- stockroomModule.stockroomLead.StockroomLeadSpecialOrderRequest_Action -->
