<?xml version="1.0" encoding="UTF-8"?>
<!-- Generated by org.testng.reporters.JUnitReportReporter -->
<testsuite hostname="BNGLT-4T55T72" name="ordersModule.NonSigmaProductOrderFlow_Action" tests="1" failures="0" timestamp="19 May 2017 10:20:26 GMT" time="143.318" errors="0">
  <testcase name="NonSigmaProductOrderFlow" time="143.318" classname="ordersModule.NonSigmaProductOrderFlow_Action"/>
</testsuite> <!-- ordersModule.NonSigmaProductOrderFlow_Action -->
