<?xml version="1.0" encoding="UTF-8"?>
<!-- Generated by org.testng.reporters.JUnitReportReporter -->
<testsuite hostname="BNGLT-4T55T72" name="ordersModule.NonB2CNonSigmaProduct_Action" tests="1" failures="0" timestamp="19 May 2017 13:53:55 GMT" time="157.250" errors="0">
  <testcase name="NonB2CNonSigmaProduct" time="157.250" classname="ordersModule.NonB2CNonSigmaProduct_Action"/>
</testsuite> <!-- ordersModule.NonB2CNonSigmaProduct_Action -->
