<?xml version="1.0" encoding="UTF-8"?>
<!-- Generated by org.testng.reporters.JUnitReportReporter -->
<testsuite hostname="BNGLT-4T55T72" name="ordersModules.AddProductsToCartDisposalPendingEHS_Action" tests="1" failures="0" timestamp="25 Nov 2016 16:25:00 GMT" time="73.981" errors="0">
  <testcase name="AddProductsToCartDisposalPendingEHS" time="73.981" classname="ordersModules.AddProductsToCartDisposalPendingEHS_Action"/>
</testsuite> <!-- ordersModules.AddProductsToCartDisposalPendingEHS_Action -->
