<?xml version="1.0" encoding="UTF-8"?>
<!-- Generated by org.testng.reporters.JUnitReportReporter -->
<testsuite hostname="BNGLT-4T55T72" name="ordersModules.AddProductsToCartLabCatalogSavenAddToCart_Action" tests="1" failures="0" timestamp="25 Nov 2016 11:45:45 GMT" time="47.428" errors="0">
  <testcase name="AddProductsToCartLabCatalogSavenAddToCart" time="47.428" classname="ordersModules.AddProductsToCartLabCatalogSavenAddToCart_Action"/>
</testsuite> <!-- ordersModules.AddProductsToCartLabCatalogSavenAddToCart_Action -->
