<?xml version="1.0" encoding="UTF-8"?>
<!-- Generated by org.testng.reporters.JUnitReportReporter -->
<testsuite hostname="BNGLT-4T55T72" name="ordersModules.AddProductsToCartMaterialSelMatReorder_Action" tests="1" failures="0" timestamp="3 Oct 2016 11:38:21 GMT" time="62.492" errors="0">
  <testcase name="AddProductsToCartMaterialSelMatReorder" time="62.492" classname="ordersModules.AddProductsToCartMaterialSelMatReorder_Action"/>
</testsuite> <!-- ordersModules.AddProductsToCartMaterialSelMatReorder_Action -->
