<?xml version="1.0" encoding="UTF-8"?>
<!-- Generated by org.testng.reporters.JUnitReportReporter -->
<testsuite hostname="BNGLT-4T55T72" name="appModules.SessionTimeoutMaterialListPage_Action" tests="1" failures="0" timestamp="26 Oct 2016 16:42:30 GMT" time="2124.315" errors="0">
  <testcase name="SessionTimeoutMaterialListPage" time="2124.315" classname="appModules.SessionTimeoutMaterialListPage_Action"/>
</testsuite> <!-- appModules.SessionTimeoutMaterialListPage_Action -->
