<?xml version="1.0" encoding="UTF-8"?>
<!-- Generated by org.testng.reporters.JUnitReportReporter -->
<testsuite hostname="BNGLT-4T55T72" name="stockroomModule.DownloadSpecialOrderTemplate_Action" tests="1" failures="0" timestamp="29 May 2017 14:00:11 GMT" time="66.439" errors="0">
  <testcase name="DownloadSpecialOrderTemplate" time="66.439" classname="stockroomModule.DownloadSpecialOrderTemplate_Action"/>
</testsuite> <!-- stockroomModule.DownloadSpecialOrderTemplate_Action -->
