<?xml version="1.0" encoding="UTF-8"?>
<!-- Generated by org.testng.reporters.JUnitReportReporter -->
<testsuite hostname="BNGLT-4T55T72" name="test.ScenarioS1" tests="1" failures="0" timestamp="21 Apr 2017 16:43:41 GMT" time="9.593" errors="0">
  <testcase name="LoginSection" time="9.593" classname="test.ScenarioS1"/>
</testsuite> <!-- test.ScenarioS1 -->
