<?xml version="1.0" encoding="UTF-8"?>
<!-- Generated by org.testng.reporters.JUnitReportReporter -->
<testsuite hostname="BNGLT-4T55T72" name="test.TestClass" tests="1" failures="0" timestamp="20 Dec 2017 16:21:51 GMT" time="23.855" errors="0">
  <testcase name="AddVenMat" time="23.855" classname="test.TestClass"/>
</testsuite> <!-- test.TestClass -->
