<?xml version="1.0" encoding="UTF-8"?>
<!-- Generated by org.testng.reporters.JUnitReportReporter -->
<testsuite hostname="BNGLT-4T55T72" name="jiraTickets.JiraTicket11287_Action" tests="1" failures="0" timestamp="28 Apr 2017 09:53:17 GMT" time="90.404" errors="0">
  <testcase name="JiraTicket11287" time="90.404" classname="jiraTickets.JiraTicket11287_Action"/>
</testsuite> <!-- jiraTickets.JiraTicket11287_Action -->
