<?xml version="1.0" encoding="UTF-8"?>
<!-- Generated by org.testng.reporters.JUnitReportReporter -->
<testsuite hostname="BNGLT-4T55T72" name="inventoryModule.EditStorageLevel_Action" tests="1" failures="0" timestamp="17 Mar 2017 13:43:11 GMT" time="104.388" errors="0">
  <testcase name="EditStorageLevel" time="104.388" classname="inventoryModule.EditStorageLevel_Action"/>
</testsuite> <!-- inventoryModule.EditStorageLevel_Action -->
