<?xml version="1.0" encoding="UTF-8"?>
<!-- Generated by org.testng.reporters.JUnitReportReporter -->
<testsuite hostname="BNGLT-4T55T72" name="researchModule.ResearchHome_Action" tests="1" failures="0" timestamp="23 May 2017 14:26:15 GMT" time="105.857" errors="0">
  <testcase name="ResearchNavigation" time="105.857" classname="researchModule.ResearchHome_Action"/>
</testsuite> <!-- researchModule.ResearchHome_Action -->
