<?xml version="1.0" encoding="UTF-8"?>
<!-- Generated by org.testng.reporters.JUnitReportReporter -->
<testsuite hostname="BNGLT-4T55T72" name="stockroomUserManagement.MSAdminInvitation_Action" tests="1" failures="0" timestamp="18 Jan 2018 13:11:22 GMT" time="177.796" errors="0">
  <testcase name="LabMemberInvitationFromManager" time="177.796" classname="stockroomUserManagement.MSAdminInvitation_Action"/>
</testsuite> <!-- stockroomUserManagement.MSAdminInvitation_Action -->
