<?xml version="1.0" encoding="UTF-8"?>
<!-- Generated by org.testng.reporters.JUnitReportReporter -->
<testsuite hostname="BNGLT-4T55T72" name="inventoryModule.SignIn_Action" tests="1" failures="0" timestamp="22 Nov 2017 14:52:44 GMT" time="47.021" errors="1">
  <testcase name="ExecuteLogin" time="47.021" classname="inventoryModule.SignIn_Action">
    <error type="org.openqa.selenium.WebDriverException" message="Failed to connect to binary FirefoxBinary(C:\Program Files (x86)\Mozilla Firefox\firefox.exe) on port 7055; process output follows: 
4	DeferredSave.webext.sc.lz4	DEBUG	Save changes
1511362322015	DeferredSave.webext.sc.lz4	DEBUG	Save changes
1511362322016	DeferredSave.webext.sc.lz4	DEBUG	Save changes
1511362322018	DeferredSave.webext.sc.lz4	DEBUG	Save changes
1511362322018	DeferredSave.webext.sc.lz4	DEBUG	Save changes
1511362322019	DeferredSave.webext.sc.lz4	DEBUG	Save changes
1511362322023	DeferredSave.webext.sc.lz4	DEBUG	Save changes
1511362322048	DeferredSave.addons.json	DEBUG	Starting write
1511362322140	DeferredSave.webext.sc.lz4	DEBUG	Save changes
1511362322140	DeferredSave.webext.sc.lz4	DEBUG	Save changes
1511362322156	DeferredSave.addons.json	DEBUG	Write succeeded
1511362322236	addons.xpi	INFO	Mapping fxdriver@googlecode.com to C:\Users\dprakash\AppData\Local\Temp\anonymous7009248360100412409webdriver-profile\extensions\fxdriver@googlecode.com
1511362322236	addons.xpi	DEBUG	Ignoring file entry whose name is not a valid add-on ID: C:\Users\dprakash\AppData\Local\Temp\anonymous7009248360100412409webdriver-profile\extensions\webdriver-staging
1511362322236	addons.xpi	DEBUG	Existing add-on fxdriver@googlecode.com in app-profile
1511362322237	addons.xpi	INFO	Mapping activity-stream@mozilla.org to C:\Program Files (x86)\Mozilla Firefox\browser\features\activity-stream@mozilla.org.xpi
1511362322237	addons.xpi	INFO	Mapping aushelper@mozilla.org to C:\Program Files (x86)\Mozilla Firefox\browser\features\aushelper@mozilla.org.xpi
1511362322237	addons.xpi	INFO	Mapping e10srollout@mozilla.org to C:\Program Files (x86)\Mozilla Firefox\browser\features\e10srollout@mozilla.org.xpi
1511362322237	addons.xpi	INFO	Mapping firefox@getpocket.com to C:\Program Files (x86)\Mozilla Firefox\browser\features\firefox@getpocket.com.xpi
1511362322237	addons.xpi	INFO	Mapping followonsearch@mozilla.com to C:\Program Files (x86)\Mozilla Firefox\browser\features\followonsearch@mozilla.com.xpi
1511362322237	addons.xpi	INFO	Mapping formautofill@mozilla.org to C:\Program Files (x86)\Mozilla Firefox\browser\features\formautofill@mozilla.org.xpi
1511362322237	addons.xpi	INFO	Mapping onboarding@mozilla.org to C:\Program Files (x86)\Mozilla Firefox\browser\features\onboarding@mozilla.org.xpi
1511362322237	addons.xpi	INFO	Mapping screenshots@mozilla.org to C:\Program Files (x86)\Mozilla Firefox\browser\features\screenshots@mozilla.org.xpi
1511362322237	addons.xpi	INFO	Mapping shield-recipe-client@mozilla.org to C:\Program Files (x86)\Mozilla Firefox\browser\features\shield-recipe-client@mozilla.org.xpi
1511362322237	addons.xpi	INFO	Mapping webcompat@mozilla.org to C:\Program Files (x86)\Mozilla Firefox\browser\features\webcompat@mozilla.org.xpi
1511362322238	addons.xpi	DEBUG	Existing add-on activity-stream@mozilla.org in app-system-defaults
1511362322238	addons.xpi	DEBUG	Existing add-on aushelper@mozilla.org in app-system-defaults
1511362322238	addons.xpi	DEBUG	Existing add-on e10srollout@mozilla.org in app-system-defaults
1511362322239	addons.xpi	DEBUG	Existing add-on firefox@getpocket.com in app-system-defaults
1511362322239	addons.xpi	DEBUG	Existing add-on followonsearch@mozilla.com in app-system-defaults
1511362322239	addons.xpi	DEBUG	Existing add-on formautofill@mozilla.org in app-system-defaults
1511362322239	addons.xpi	DEBUG	Existing add-on onboarding@mozilla.org in app-system-defaults
1511362322240	addons.xpi	DEBUG	Existing add-on screenshots@mozilla.org in app-system-defaults
1511362322240	addons.xpi	DEBUG	Existing add-on shield-recipe-client@mozilla.org in app-system-defaults
1511362322240	addons.xpi	DEBUG	Existing add-on webcompat@mozilla.org in app-system-defaults
1511362322241	addons.xpi	INFO	Mapping {972ce4c6-7e08-4474-a285-3208198ce6fd} to C:\Program Files (x86)\Mozilla Firefox\browser\extensions\{972ce4c6-7e08-4474-a285-3208198ce6fd}.xpi
1511362322241	addons.xpi	DEBUG	Existing add-on {972ce4c6-7e08-4474-a285-3208198ce6fd} in app-global
1511362322242	addons.xpi	DEBUG	getInstallState changed: false, state: {}
1511362326943	DeferredSave.webext.sc.lz4	DEBUG	Starting write
1511362326949	DeferredSave.webext.sc.lz4	DEBUG	Write succeeded

Build info: version: &#039;2.53.0&#039;, revision: &#039;35ae25b&#039;, time: &#039;2016-03-15 16:57:40&#039;
System info: host: &#039;BNGLT-4T55T72&#039;, ip: &#039;10.68.111.158&#039;, os.name: &#039;Windows 7&#039;, os.arch: &#039;amd64&#039;, os.version: &#039;6.1&#039;, java.version: &#039;1.8.0_112&#039;
Driver info: driver.version: FirefoxDriver">
      <![CDATA[org.openqa.selenium.WebDriverException: Failed to connect to binary FirefoxBinary(C:\Program Files (x86)\Mozilla Firefox\firefox.exe) on port 7055; process output follows: 
4	DeferredSave.webext.sc.lz4	DEBUG	Save changes
1511362322015	DeferredSave.webext.sc.lz4	DEBUG	Save changes
1511362322016	DeferredSave.webext.sc.lz4	DEBUG	Save changes
1511362322018	DeferredSave.webext.sc.lz4	DEBUG	Save changes
1511362322018	DeferredSave.webext.sc.lz4	DEBUG	Save changes
1511362322019	DeferredSave.webext.sc.lz4	DEBUG	Save changes
1511362322023	DeferredSave.webext.sc.lz4	DEBUG	Save changes
1511362322048	DeferredSave.addons.json	DEBUG	Starting write
1511362322140	DeferredSave.webext.sc.lz4	DEBUG	Save changes
1511362322140	DeferredSave.webext.sc.lz4	DEBUG	Save changes
1511362322156	DeferredSave.addons.json	DEBUG	Write succeeded
1511362322236	addons.xpi	INFO	Mapping fxdriver@googlecode.com to C:\Users\dprakash\AppData\Local\Temp\anonymous7009248360100412409webdriver-profile\extensions\fxdriver@googlecode.com
1511362322236	addons.xpi	DEBUG	Ignoring file entry whose name is not a valid add-on ID: C:\Users\dprakash\AppData\Local\Temp\anonymous7009248360100412409webdriver-profile\extensions\webdriver-staging
1511362322236	addons.xpi	DEBUG	Existing add-on fxdriver@googlecode.com in app-profile
1511362322237	addons.xpi	INFO	Mapping activity-stream@mozilla.org to C:\Program Files (x86)\Mozilla Firefox\browser\features\activity-stream@mozilla.org.xpi
1511362322237	addons.xpi	INFO	Mapping aushelper@mozilla.org to C:\Program Files (x86)\Mozilla Firefox\browser\features\aushelper@mozilla.org.xpi
1511362322237	addons.xpi	INFO	Mapping e10srollout@mozilla.org to C:\Program Files (x86)\Mozilla Firefox\browser\features\e10srollout@mozilla.org.xpi
1511362322237	addons.xpi	INFO	Mapping firefox@getpocket.com to C:\Program Files (x86)\Mozilla Firefox\browser\features\firefox@getpocket.com.xpi
1511362322237	addons.xpi	INFO	Mapping followonsearch@mozilla.com to C:\Program Files (x86)\Mozilla Firefox\browser\features\followonsearch@mozilla.com.xpi
1511362322237	addons.xpi	INFO	Mapping formautofill@mozilla.org to C:\Program Files (x86)\Mozilla Firefox\browser\features\formautofill@mozilla.org.xpi
1511362322237	addons.xpi	INFO	Mapping onboarding@mozilla.org to C:\Program Files (x86)\Mozilla Firefox\browser\features\onboarding@mozilla.org.xpi
1511362322237	addons.xpi	INFO	Mapping screenshots@mozilla.org to C:\Program Files (x86)\Mozilla Firefox\browser\features\screenshots@mozilla.org.xpi
1511362322237	addons.xpi	INFO	Mapping shield-recipe-client@mozilla.org to C:\Program Files (x86)\Mozilla Firefox\browser\features\shield-recipe-client@mozilla.org.xpi
1511362322237	addons.xpi	INFO	Mapping webcompat@mozilla.org to C:\Program Files (x86)\Mozilla Firefox\browser\features\webcompat@mozilla.org.xpi
1511362322238	addons.xpi	DEBUG	Existing add-on activity-stream@mozilla.org in app-system-defaults
1511362322238	addons.xpi	DEBUG	Existing add-on aushelper@mozilla.org in app-system-defaults
1511362322238	addons.xpi	DEBUG	Existing add-on e10srollout@mozilla.org in app-system-defaults
1511362322239	addons.xpi	DEBUG	Existing add-on firefox@getpocket.com in app-system-defaults
1511362322239	addons.xpi	DEBUG	Existing add-on followonsearch@mozilla.com in app-system-defaults
1511362322239	addons.xpi	DEBUG	Existing add-on formautofill@mozilla.org in app-system-defaults
1511362322239	addons.xpi	DEBUG	Existing add-on onboarding@mozilla.org in app-system-defaults
1511362322240	addons.xpi	DEBUG	Existing add-on screenshots@mozilla.org in app-system-defaults
1511362322240	addons.xpi	DEBUG	Existing add-on shield-recipe-client@mozilla.org in app-system-defaults
1511362322240	addons.xpi	DEBUG	Existing add-on webcompat@mozilla.org in app-system-defaults
1511362322241	addons.xpi	INFO	Mapping {972ce4c6-7e08-4474-a285-3208198ce6fd} to C:\Program Files (x86)\Mozilla Firefox\browser\extensions\{972ce4c6-7e08-4474-a285-3208198ce6fd}.xpi
1511362322241	addons.xpi	DEBUG	Existing add-on {972ce4c6-7e08-4474-a285-3208198ce6fd} in app-global
1511362322242	addons.xpi	DEBUG	getInstallState changed: false, state: {}
1511362326943	DeferredSave.webext.sc.lz4	DEBUG	Starting write
1511362326949	DeferredSave.webext.sc.lz4	DEBUG	Write succeeded

Build info: version: '2.53.0', revision: '35ae25b', time: '2016-03-15 16:57:40'
System info: host: 'BNGLT-4T55T72', ip: '10.68.111.158', os.name: 'Windows 7', os.arch: 'amd64', os.version: '6.1', java.version: '1.8.0_112'
Driver info: driver.version: FirefoxDriver
	at org.openqa.selenium.firefox.internal.NewProfileExtensionConnection.start(NewProfileExtensionConnection.java:124)
	at org.openqa.selenium.firefox.FirefoxDriver.startClient(FirefoxDriver.java:271)
	at org.openqa.selenium.remote.RemoteWebDriver.<init>(RemoteWebDriver.java:119)
	at org.openqa.selenium.firefox.FirefoxDriver.<init>(FirefoxDriver.java:218)
	at org.openqa.selenium.firefox.FirefoxDriver.<init>(FirefoxDriver.java:211)
	at org.openqa.selenium.firefox.FirefoxDriver.<init>(FirefoxDriver.java:207)
	at org.openqa.selenium.firefox.FirefoxDriver.<init>(FirefoxDriver.java:120)
	at utills.Utills.SelectBrowser(Utills.java:38)
	at testBase.TestBase.init(TestBase.java:30)
	at inventoryModule.SignIn_Action.ExecuteLogin(SignIn_Action.java:20)
	at sun.reflect.NativeMethodAccessorImpl.invoke0(Native Method)
	at sun.reflect.NativeMethodAccessorImpl.invoke(NativeMethodAccessorImpl.java:62)
	at sun.reflect.DelegatingMethodAccessorImpl.invoke(DelegatingMethodAccessorImpl.java:43)
	at java.lang.reflect.Method.invoke(Method.java:498)
	at org.testng.internal.MethodInvocationHelper.invokeMethod(MethodInvocationHelper.java:85)
	at org.testng.internal.Invoker.invokeMethod(Invoker.java:639)
	at org.testng.internal.Invoker.invokeTestMethod(Invoker.java:816)
	at org.testng.internal.Invoker.invokeTestMethods(Invoker.java:1124)
	at org.testng.internal.TestMethodWorker.invokeTestMethods(TestMethodWorker.java:125)
	at org.testng.internal.TestMethodWorker.run(TestMethodWorker.java:108)
	at org.testng.TestRunner.privateRun(TestRunner.java:774)
	at org.testng.TestRunner.run(TestRunner.java:624)
	at org.testng.SuiteRunner.runTest(SuiteRunner.java:359)
	at org.testng.SuiteRunner.runSequentially(SuiteRunner.java:354)
	at org.testng.SuiteRunner.privateRun(SuiteRunner.java:312)
	at org.testng.SuiteRunner.run(SuiteRunner.java:261)
	at org.testng.SuiteRunnerWorker.runSuite(SuiteRunnerWorker.java:52)
	at org.testng.SuiteRunnerWorker.run(SuiteRunnerWorker.java:86)
	at org.testng.TestNG.runSuitesSequentially(TestNG.java:1215)
	at org.testng.TestNG.runSuitesLocally(TestNG.java:1140)
	at org.testng.TestNG.run(TestNG.java:1048)
	at org.testng.remote.AbstractRemoteTestNG.run(AbstractRemoteTestNG.java:126)
	at org.testng.remote.RemoteTestNG.initAndRun(RemoteTestNG.java:137)
	at org.testng.remote.RemoteTestNG.main(RemoteTestNG.java:58)
Caused by: org.openqa.selenium.firefox.NotConnectedException: Unable to connect to host 127.0.0.1 on port 7055 after 45000 ms. Firefox console output:
4	DeferredSave.webext.sc.lz4	DEBUG	Save changes
1511362322015	DeferredSave.webext.sc.lz4	DEBUG	Save changes
1511362322016	DeferredSave.webext.sc.lz4	DEBUG	Save changes
1511362322018	DeferredSave.webext.sc.lz4	DEBUG	Save changes
1511362322018	DeferredSave.webext.sc.lz4	DEBUG	Save changes
1511362322019	DeferredSave.webext.sc.lz4	DEBUG	Save changes
1511362322023	DeferredSave.webext.sc.lz4	DEBUG	Save changes
1511362322048	DeferredSave.addons.json	DEBUG	Starting write
1511362322140	DeferredSave.webext.sc.lz4	DEBUG	Save changes
1511362322140	DeferredSave.webext.sc.lz4	DEBUG	Save changes
1511362322156	DeferredSave.addons.json	DEBUG	Write succeeded
1511362322236	addons.xpi	INFO	Mapping fxdriver@googlecode.com to C:\Users\dprakash\AppData\Local\Temp\anonymous7009248360100412409webdriver-profile\extensions\fxdriver@googlecode.com
1511362322236	addons.xpi	DEBUG	Ignoring file entry whose name is not a valid add-on ID: C:\Users\dprakash\AppData\Local\Temp\anonymous7009248360100412409webdriver-profile\extensions\webdriver-staging
1511362322236	addons.xpi	DEBUG	Existing add-on fxdriver@googlecode.com in app-profile
1511362322237	addons.xpi	INFO	Mapping activity-stream@mozilla.org to C:\Program Files (x86)\Mozilla Firefox\browser\features\activity-stream@mozilla.org.xpi
1511362322237	addons.xpi	INFO	Mapping aushelper@mozilla.org to C:\Program Files (x86)\Mozilla Firefox\browser\features\aushelper@mozilla.org.xpi
1511362322237	addons.xpi	INFO	Mapping e10srollout@mozilla.org to C:\Program Files (x86)\Mozilla Firefox\browser\features\e10srollout@mozilla.org.xpi
1511362322237	addons.xpi	INFO	Mapping firefox@getpocket.com to C:\Program Files (x86)\Mozilla Firefox\browser\features\firefox@getpocket.com.xpi
1511362322237	addons.xpi	INFO	Mapping followonsearch@mozilla.com to C:\Program Files (x86)\Mozilla Firefox\browser\features\followonsearch@mozilla.com.xpi
1511362322237	addons.xpi	INFO	Mapping formautofill@mozilla.org to C:\Program Files (x86)\Mozilla Firefox\browser\features\formautofill@mozilla.org.xpi
1511362322237	addons.xpi	INFO	Mapping onboarding@mozilla.org to C:\Program Files (x86)\Mozilla Firefox\browser\features\onboarding@mozilla.org.xpi
1511362322237	addons.xpi	INFO	Mapping screenshots@mozilla.org to C:\Program Files (x86)\Mozilla Firefox\browser\features\screenshots@mozilla.org.xpi
1511362322237	addons.xpi	INFO	Mapping shield-recipe-client@mozilla.org to C:\Program Files (x86)\Mozilla Firefox\browser\features\shield-recipe-client@mozilla.org.xpi
1511362322237	addons.xpi	INFO	Mapping webcompat@mozilla.org to C:\Program Files (x86)\Mozilla Firefox\browser\features\webcompat@mozilla.org.xpi
1511362322238	addons.xpi	DEBUG	Existing add-on activity-stream@mozilla.org in app-system-defaults
1511362322238	addons.xpi	DEBUG	Existing add-on aushelper@mozilla.org in app-system-defaults
1511362322238	addons.xpi	DEBUG	Existing add-on e10srollout@mozilla.org in app-system-defaults
1511362322239	addons.xpi	DEBUG	Existing add-on firefox@getpocket.com in app-system-defaults
1511362322239	addons.xpi	DEBUG	Existing add-on followonsearch@mozilla.com in app-system-defaults
1511362322239	addons.xpi	DEBUG	Existing add-on formautofill@mozilla.org in app-system-defaults
1511362322239	addons.xpi	DEBUG	Existing add-on onboarding@mozilla.org in app-system-defaults
1511362322240	addons.xpi	DEBUG	Existing add-on screenshots@mozilla.org in app-system-defaults
1511362322240	addons.xpi	DEBUG	Existing add-on shield-recipe-client@mozilla.org in app-system-defaults
1511362322240	addons.xpi	DEBUG	Existing add-on webcompat@mozilla.org in app-system-defaults
1511362322241	addons.xpi	INFO	Mapping {972ce4c6-7e08-4474-a285-3208198ce6fd} to C:\Program Files (x86)\Mozilla Firefox\browser\extensions\{972ce4c6-7e08-4474-a285-3208198ce6fd}.xpi
1511362322241	addons.xpi	DEBUG	Existing add-on {972ce4c6-7e08-4474-a285-3208198ce6fd} in app-global
1511362322242	addons.xpi	DEBUG	getInstallState changed: false, state: {}
1511362326943	DeferredSave.webext.sc.lz4	DEBUG	Starting write
1511362326949	DeferredSave.webext.sc.lz4	DEBUG	Write succeeded

	at org.openqa.selenium.firefox.internal.NewProfileExtensionConnection.start(NewProfileExtensionConnection.java:112)
	... 33 more
]]>
    </error>
  </testcase> <!-- ExecuteLogin -->
</testsuite> <!-- inventoryModule.SignIn_Action -->
