<?xml version="1.0" encoding="UTF-8"?>
<!-- Generated by org.testng.reporters.JUnitReportReporter -->
<testsuite hostname="BNGLT-4T55T72" name="testScript.StkroomUserManagement" tests="6" failures="0" timestamp="29 Jan 2018 16:32:22 GMT" time="517.899" errors="0">
  <testcase name="InviteStockroomLeadAndUser" time="234.684" classname="testScript.StkroomUserManagement"/>
  <testcase name="InviteStkroomMembersThroughBatchUpload" time="74.081" classname="testScript.StkroomUserManagement"/>
  <testcase name="VerifyContactUs" time="36.138" classname="testScript.StkroomUserManagement"/>
  <testcase name="VerifyStockroomName" time="40.238" classname="testScript.StkroomUserManagement"/>
  <testcase name="LoginAsStockroomAdmin" time="37.714" classname="testScript.StkroomUserManagement"/>
  <testcase name="StkRoomAdminMemberListFunctionality" time="95.044" classname="testScript.StkroomUserManagement"/>
</testsuite> <!-- testScript.StkroomUserManagement -->
