<?xml version="1.0" encoding="UTF-8"?>
<!-- Generated by org.testng.reporters.JUnitReportReporter -->
<testsuite hostname="BNGLT-4T55T72" name="ordersModule.VendorMaterialReorderMemberLogin_Action" tests="1" failures="0" timestamp="19 May 2017 12:55:58 GMT" time="213.645" errors="0">
  <testcase name="VendorMaterialReorderMemberLogin" time="213.645" classname="ordersModule.VendorMaterialReorderMemberLogin_Action"/>
</testsuite> <!-- ordersModule.VendorMaterialReorderMemberLogin_Action -->
