<?xml version="1.0" encoding="UTF-8"?>
<!-- Generated by org.testng.reporters.JUnitReportReporter -->
<testsuite hostname="BNGLT-4T55T72" name="researchModule.CheckChemExpCode_Action" tests="1" failures="0" timestamp="19 Jan 2017 11:02:53 GMT" time="76.927" errors="0">
  <testcase name="ChemistryExpActionOptions" time="76.927" classname="researchModule.CheckChemExpCode_Action"/>
</testsuite> <!-- researchModule.CheckChemExpCode_Action -->
