<?xml version="1.0" encoding="UTF-8"?>
<!-- Generated by org.testng.reporters.JUnitReportReporter -->
<testsuite hostname="BNGLT-4T55T72" name="appModules.AddHomegrownMaterial_Action" tests="1" failures="0" timestamp="24 Nov 2016 13:37:21 GMT" time="75.455" errors="0">
  <testcase name="AddHomGro" time="75.455" classname="appModules.AddHomegrownMaterial_Action"/>
</testsuite> <!-- appModules.AddHomegrownMaterial_Action -->
