<?xml version="1.0" encoding="UTF-8"?>
<!-- Generated by org.testng.reporters.JUnitReportReporter -->
<testsuite hostname="BNGLT-4T55T72" name="appModules.EHSSafetyDashboard" tests="1" failures="0" timestamp="30 Nov 2016 13:00:16 GMT" time="51.474" errors="0">
  <testcase name="EHSsafetyHome" time="51.474" classname="appModules.EHSSafetyDashboard"/>
</testsuite> <!-- appModules.EHSSafetyDashboard -->
