<?xml version="1.0" encoding="UTF-8"?>
<!-- Generated by org.testng.reporters.JUnitReportReporter -->
<testsuite hostname="BNGLT-4T55T72" name="userManagement.PaymentSettingsValidationMessage_Action" tests="1" failures="0" timestamp="16 Jan 2018 16:42:09 GMT" time="59.345" errors="0">
  <testcase name="PaymentSettingsValidationMessage" time="59.345" classname="userManagement.PaymentSettingsValidationMessage_Action"/>
</testsuite> <!-- userManagement.PaymentSettingsValidationMessage_Action -->
