<?xml version="1.0" encoding="UTF-8"?>
<!-- Generated by org.testng.reporters.JUnitReportReporter -->
<testsuite hostname="BNGLT-4T55T72" name="stockroomModule.stockroomAdmin.StockroomAdminAddPI_Action" tests="1" failures="0" timestamp="6 Jun 2017 12:18:58 GMT" time="63.796" errors="0">
  <testcase name="AddPI" time="63.796" classname="stockroomModule.stockroomAdmin.StockroomAdminAddPI_Action"/>
</testsuite> <!-- stockroomModule.stockroomAdmin.StockroomAdminAddPI_Action -->
