<?xml version="1.0" encoding="UTF-8"?>
<!-- Generated by org.testng.reporters.JUnitReportReporter -->
<testsuite hostname="BNGLT-4T55T72" name="sampleAndAssayModule.AssayTemplate" tests="1" failures="0" timestamp="8 Feb 2017 16:09:38 GMT" time="57.004" errors="0">
  <testcase name="CreateAssay" time="57.004" classname="sampleAndAssayModule.AssayTemplate"/>
</testsuite> <!-- sampleAndAssayModule.AssayTemplate -->
