<?xml version="1.0" encoding="UTF-8"?>
<!-- Generated by org.testng.reporters.JUnitReportReporter -->
<testsuite hostname="BNGLT-4T55T72" name="researchModule.ChemistryManagePermissionMemberAsContributor_Action" tests="1" failures="0" timestamp="23 May 2017 14:03:02 GMT" time="251.814" errors="0">
  <testcase name="ChemistryManagePermissionMemberAsContributor" time="251.814" classname="researchModule.ChemistryManagePermissionMemberAsContributor_Action"/>
</testsuite> <!-- researchModule.ChemistryManagePermissionMemberAsContributor_Action -->
