<?xml version="1.0" encoding="UTF-8"?>
<!-- Generated by org.testng.reporters.JUnitReportReporter -->
<testsuite hostname="BNGLT-4T55T72" name="stockroomModule.DownloadProductTemplate_Action" tests="1" failures="0" timestamp="26 May 2017 11:58:11 GMT" time="103.800" errors="0">
  <testcase name="DownloadProductTemplate" time="103.800" classname="stockroomModule.DownloadProductTemplate_Action"/>
</testsuite> <!-- stockroomModule.DownloadProductTemplate_Action -->
