<?xml version="1.0" encoding="UTF-8"?>
<!-- Generated by org.testng.reporters.JUnitReportReporter -->
<testsuite hostname="BNGLT-4T55T72" name="researchModule.VerifyBioProjectExperimentLog_Action" tests="1" failures="0" timestamp="23 May 2017 10:24:17 GMT" time="98.032" errors="0">
  <testcase name="VerifyBioProjectExperimentLog" time="98.032" classname="researchModule.VerifyBioProjectExperimentLog_Action"/>
</testsuite> <!-- researchModule.VerifyBioProjectExperimentLog_Action -->
