<?xml version="1.0" encoding="UTF-8"?>
<!-- Generated by org.testng.reporters.JUnitReportReporter -->
<testsuite hostname="BNGLT-4T55T72" name="inventoryModule.EditRoomLevel_Action" tests="1" failures="0" timestamp="21 Apr 2017 09:33:44 GMT" time="104.557" errors="0">
  <testcase name="EditRoomLevel" time="104.557" classname="inventoryModule.EditRoomLevel_Action"/>
</testsuite> <!-- inventoryModule.EditRoomLevel_Action -->
