<?xml version="1.0" encoding="UTF-8"?>
<!-- Generated by org.testng.reporters.JUnitReportReporter -->
<testsuite hostname="BNGLT-4T55T72" name="appModules.EHSsafety" tests="1" failures="0" timestamp="30 Nov 2016 12:57:31 GMT" time="72.557" errors="0">
  <testcase name="EHSsafety1" time="72.557" classname="appModules.EHSsafety"/>
</testsuite> <!-- appModules.EHSsafety -->
