<?xml version="1.0" encoding="UTF-8"?>
<!-- Generated by org.testng.reporters.JUnitReportReporter -->
<testsuite hostname="BNGLT-4T55T72" name="userManagement.ResetPasswordEmailVerification_Action" tests="1" failures="0" timestamp="6 Feb 2018 13:29:55 GMT" time="143.205" errors="0">
  <testcase name="ExecuteLogin" time="143.205" classname="userManagement.ResetPasswordEmailVerification_Action"/>
</testsuite> <!-- userManagement.ResetPasswordEmailVerification_Action -->
