<?xml version="1.0" encoding="UTF-8"?>
<!-- Generated by org.testng.reporters.JUnitReportReporter -->
<testsuite hostname="BNGLT-4T55T72" name="appModules.AddNonSigmaAldrichVendorMaterial_Action" tests="1" failures="0" timestamp="24 Nov 2016 10:50:08 GMT" time="100.253" errors="0">
  <testcase name="AddNonSigmaAldrichVendorMaterial" time="100.253" classname="appModules.AddNonSigmaAldrichVendorMaterial_Action"/>
</testsuite> <!-- appModules.AddNonSigmaAldrichVendorMaterial_Action -->
