<?xml version="1.0" encoding="UTF-8"?>
<!-- Generated by org.testng.reporters.JUnitReportReporter -->
<testsuite hostname="BNGLT-4T55T72" name="ordersModules.SessionTimeoutCartTab_Action" tests="1" failures="0" timestamp="26 Oct 2016 14:46:40 GMT" time="2120.755" errors="0">
  <testcase name="SessionTimeoutCartTab" time="2120.755" classname="ordersModules.SessionTimeoutCartTab_Action"/>
</testsuite> <!-- ordersModules.SessionTimeoutCartTab_Action -->
