<?xml version="1.0" encoding="UTF-8"?>
<!-- Generated by org.testng.reporters.JUnitReportReporter -->
<testsuite hostname="BNGLT-4T55T72" name="userManagement.ContactUsErrorAndValidationMessage_Action" tests="1" failures="0" timestamp="27 Feb 2018 13:01:59 GMT" time="33.933" errors="0">
  <testcase name="ContactUsErrorAndValidationMessage" time="33.933" classname="userManagement.ContactUsErrorAndValidationMessage_Action"/>
</testsuite> <!-- userManagement.ContactUsErrorAndValidationMessage_Action -->
