<?xml version="1.0" encoding="UTF-8"?>
<!-- Generated by org.testng.reporters.JUnitReportReporter -->
<testsuite hostname="BNGLT-4T55T72" name="researchModule.AddChemistryProject_Action" tests="1" failures="0" timestamp="23 May 2017 10:09:10 GMT" time="118.342" errors="0">
  <testcase name="AddChemProj" time="118.342" classname="researchModule.AddChemistryProject_Action"/>
</testsuite> <!-- researchModule.AddChemistryProject_Action -->
