<?xml version="1.0" encoding="UTF-8"?>
<!-- Generated by org.testng.reporters.JUnitReportReporter -->
<testsuite hostname="BNGLT-4T55T72" name="ordersModule.ReorderMaterialAndMoveToInventory_Action" tests="1" failures="0" timestamp="19 May 2017 12:00:11 GMT" time="210.354" errors="0">
  <testcase name="ReorderMaterialAndMoveToInventory" time="210.354" classname="ordersModule.ReorderMaterialAndMoveToInventory_Action"/>
</testsuite> <!-- ordersModule.ReorderMaterialAndMoveToInventory_Action -->
