<?xml version="1.0" encoding="UTF-8"?>
<!-- Generated by org.testng.reporters.JUnitReportReporter -->
<testsuite hostname="BNGLT-4T55T72" name="userManagement.InvalidLoginAndRequiredFieldValidation_Action" tests="1" failures="0" timestamp="27 Feb 2018 12:50:40 GMT" time="25.513" errors="0">
  <testcase name="InvalidLoginAndRequiredFieldValidation" time="25.513" classname="userManagement.InvalidLoginAndRequiredFieldValidation_Action"/>
</testsuite> <!-- userManagement.InvalidLoginAndRequiredFieldValidation_Action -->
