<?xml version="1.0" encoding="UTF-8"?>
<!-- Generated by org.testng.reporters.JUnitReportReporter -->
<testsuite hostname="BNGLT-4T55T72" name="userManagement.LabMemberInvitationFromOwner_Action" tests="1" failures="0" timestamp="28 Feb 2018 09:43:48 GMT" time="116.084" errors="0">
  <testcase name="LabMemberInvitationFromOwner" time="116.084" classname="userManagement.LabMemberInvitationFromOwner_Action"/>
</testsuite> <!-- userManagement.LabMemberInvitationFromOwner_Action -->
