<?xml version="1.0" encoding="UTF-8"?>
<!-- Generated by org.testng.reporters.JUnitReportReporter -->
<testsuite hostname="BNGLT-4T55T72" name="inventoryModule.EditBoxLevel_Action" tests="1" failures="0" timestamp="17 Mar 2017 14:42:55 GMT" time="131.239" errors="0">
  <testcase name="EditBoxLevel" time="131.239" classname="inventoryModule.EditBoxLevel_Action"/>
</testsuite> <!-- inventoryModule.EditBoxLevel_Action -->
