<?xml version="1.0" encoding="UTF-8"?>
<!-- Generated by org.testng.reporters.JUnitReportReporter -->
<testsuite hostname="BNGLT-4T55T72" name="researchModule.VerifyChemProjectExperimentLog_Action" tests="1" failures="0" timestamp="23 May 2017 10:26:16 GMT" time="101.044" errors="0">
  <testcase name="VerifyChemProjectExperimentLog" time="101.044" classname="researchModule.VerifyChemProjectExperimentLog_Action"/>
</testsuite> <!-- researchModule.VerifyChemProjectExperimentLog_Action -->
