<?xml version="1.0" encoding="UTF-8"?>
<!-- Generated by org.testng.reporters.JUnitReportReporter -->
<testsuite hostname="BNGLT-4T55T72" name="storageMovement.Scenario3_Action" tests="1" failures="0" timestamp="22 May 2017 16:37:30 GMT" time="75.126" errors="0">
  <testcase name="Scenario3" time="75.126" classname="storageMovement.Scenario3_Action"/>
</testsuite> <!-- storageMovement.Scenario3_Action -->
