<?xml version="1.0" encoding="UTF-8"?>
<!-- Generated by org.testng.reporters.JUnitReportReporter -->
<testsuite hostname="BNGLT-4T55T72" name="researchModule.SubmitForReviewProcess_Action" tests="1" failures="0" timestamp="15 Feb 2017 10:37:40 GMT" time="189.105" errors="0">
  <testcase name="SubmitForReviewProcess" time="189.105" classname="researchModule.SubmitForReviewProcess_Action"/>
</testsuite> <!-- researchModule.SubmitForReviewProcess_Action -->
