<?xml version="1.0" encoding="UTF-8"?>
<!-- Generated by org.testng.reporters.JUnitReportReporter -->
<testsuite hostname="BNGLT-4T55T72" name="storageMovement.Scenario11_Action" tests="1" failures="0" timestamp="24 Apr 2017 13:40:49 GMT" time="64.053" errors="0">
  <testcase name="Scenario11" time="64.053" classname="storageMovement.Scenario11_Action"/>
</testsuite> <!-- storageMovement.Scenario11_Action -->
