<?xml version="1.0" encoding="UTF-8"?>
<!-- Generated by org.testng.reporters.JUnitReportReporter -->
<testsuite hostname="BNGLT-4T55T72" name="inventoryModule.VerifyOrdersActivityLabCatalogCreationTimeIST_Action" tests="1" failures="0" timestamp="5 Jan 2017 09:20:03 GMT" time="108.080" errors="0">
  <testcase name="VerifyOrdersActivityLabCatalogCreationTimeIST" time="108.080" classname="inventoryModule.VerifyOrdersActivityLabCatalogCreationTimeIST_Action"/>
</testsuite> <!-- inventoryModule.VerifyOrdersActivityLabCatalogCreationTimeIST_Action -->
