<?xml version="1.0" encoding="UTF-8"?>
<!-- Generated by org.testng.reporters.JUnitReportReporter -->
<testsuite hostname="BNGLT-4T55T72" name="userManagement.LabManagerInvitation_Action" tests="1" failures="0" timestamp="28 Feb 2018 09:25:22 GMT" time="102.626" errors="0">
  <testcase name="LabManagerInvitation" time="102.626" classname="userManagement.LabManagerInvitation_Action"/>
</testsuite> <!-- userManagement.LabManagerInvitation_Action -->
