<?xml version="1.0" encoding="UTF-8"?>
<!-- Generated by org.testng.reporters.JUnitReportReporter -->
<testsuite hostname="BNGLT-4T55T72" name="inventoryModule.Prerequisites_Action" tests="1" failures="0" timestamp="11 Apr 2017 11:04:48 GMT" time="254.575" errors="0">
  <testcase name="Prerequisites" time="254.575" classname="inventoryModule.Prerequisites_Action"/>
</testsuite> <!-- inventoryModule.Prerequisites_Action -->
