<?xml version="1.0" encoding="UTF-8"?>
<!-- Generated by org.testng.reporters.JUnitReportReporter -->
<testsuite hostname="BNGLT-4T55T72" name="inventoryModule.MessageValidationMaterialsPage" tests="1" failures="0" timestamp="28 Jun 2017 11:00:35 GMT" time="88.971" errors="0">
  <testcase name="MessValMaterial" time="88.971" classname="inventoryModule.MessageValidationMaterialsPage"/>
</testsuite> <!-- inventoryModule.MessageValidationMaterialsPage -->
