<?xml version="1.0" encoding="UTF-8"?>
<!-- Generated by org.testng.reporters.JUnitReportReporter -->
<testsuite hostname="BNGLT-4T55T72" name="appModules.EditEquipment_Action" tests="1" failures="0" timestamp="24 Nov 2016 13:16:36 GMT" time="54.839" errors="0">
  <testcase name="EditEquipment" time="54.839" classname="appModules.EditEquipment_Action"/>
</testsuite> <!-- appModules.EditEquipment_Action -->
