<?xml version="1.0" encoding="UTF-8"?>
<!-- Generated by org.testng.reporters.JUnitReportReporter -->
<testsuite hostname="BNGLT-4T55T72" name="storageMovement.Scenario19_Action" tests="1" failures="0" timestamp="24 Apr 2017 14:13:43 GMT" time="70.126" errors="0">
  <testcase name="Scenario19" time="70.126" classname="storageMovement.Scenario19_Action"/>
</testsuite> <!-- storageMovement.Scenario19_Action -->
