<?xml version="1.0" encoding="UTF-8"?>
<!-- Generated by org.testng.reporters.JUnitReportReporter -->
<testsuite hostname="BNGLT-4T55T72" name="appModules.AddVendorMaterial_Action" tests="1" failures="0" timestamp="24 Nov 2016 13:34:36 GMT" time="84.523" errors="0">
  <testcase name="AddVenMat" time="84.523" classname="appModules.AddVendorMaterial_Action"/>
</testsuite> <!-- appModules.AddVendorMaterial_Action -->
