<?xml version="1.0" encoding="UTF-8"?>
<!-- Generated by org.testng.reporters.JUnitReportReporter -->
<testsuite hostname="BNGLT-4T55T72" name="appModules.EditStorageLevel_Action" tests="1" failures="0" timestamp="24 Nov 2016 14:07:27 GMT" time="92.232" errors="0">
  <testcase name="EditStorageLevel" time="92.232" classname="appModules.EditStorageLevel_Action"/>
</testsuite> <!-- appModules.EditStorageLevel_Action -->
