<?xml version="1.0" encoding="UTF-8"?>
<!-- Generated by org.testng.reporters.JUnitReportReporter -->
<testsuite hostname="BNGLT-4T55T72" name="storageMovement.Scenario10_Action" tests="1" failures="0" timestamp="26 Apr 2017 13:15:47 GMT" time="83.754" errors="0">
  <testcase name="Scenario10" time="83.754" classname="storageMovement.Scenario10_Action"/>
</testsuite> <!-- storageMovement.Scenario10_Action -->
