<?xml version="1.0" encoding="UTF-8"?>
<!-- Generated by org.testng.reporters.JUnitReportReporter -->
<testsuite hostname="BNGLT-4T55T72" name="sampleAndAssayModule.DeleteTemp" tests="1" failures="0" timestamp="9 Feb 2017 13:44:43 GMT" time="87.332" errors="0">
  <testcase name="Delete" time="87.332" classname="sampleAndAssayModule.DeleteTemp"/>
</testsuite> <!-- sampleAndAssayModule.DeleteTemp -->
