<?xml version="1.0" encoding="UTF-8"?>
<!-- Generated by org.testng.reporters.JUnitReportReporter -->
<testsuite hostname="BNGLT-4T55T72" name="appModules.EditSubStorageLevel_Action" tests="1" failures="0" timestamp="24 Nov 2016 14:11:14 GMT" time="102.880" errors="0">
  <testcase name="EditSubStorageLevel" time="102.880" classname="appModules.EditSubStorageLevel_Action"/>
</testsuite> <!-- appModules.EditSubStorageLevel_Action -->
