<?xml version="1.0" encoding="UTF-8"?>
<!-- Generated by org.testng.reporters.JUnitReportReporter -->
<testsuite hostname="BNGLT-4T55T72" name="inventoryModule.EditEquipment_Action" tests="1" failures="0" timestamp="16 Mar 2017 14:08:46 GMT" time="52.169" errors="0">
  <testcase name="EditEquipment" time="52.169" classname="inventoryModule.EditEquipment_Action"/>
</testsuite> <!-- inventoryModule.EditEquipment_Action -->
