<?xml version="1.0" encoding="UTF-8"?>
<!-- Generated by org.testng.reporters.JUnitReportReporter -->
<testsuite hostname="BNGLT-4T55T72" name="userManagement.TestClass" tests="1" failures="0" timestamp="16 Feb 2018 12:49:23 GMT" time="29.908" errors="0">
  <testcase name="UserRoleChangeEmailVerification" time="29.908" classname="userManagement.TestClass"/>
</testsuite> <!-- userManagement.TestClass -->
