<?xml version="1.0" encoding="UTF-8"?>
<!-- Generated by org.testng.reporters.JUnitReportReporter -->
<testsuite hostname="BNGLT-4T55T72" name="inventoryModule.StorageLevel_Action" tests="1" failures="0" timestamp="24 Apr 2017 10:13:08 GMT" time="160.841" errors="0">
  <testcase name="AddStorageLevel" time="160.841" classname="inventoryModule.StorageLevel_Action"/>
</testsuite> <!-- inventoryModule.StorageLevel_Action -->
