<?xml version="1.0" encoding="UTF-8"?>
<!-- Generated by org.testng.reporters.JUnitReportReporter -->
<testsuite hostname="BNGLT-4T55T72" name="ordersModules.SessionTimeoutLabCatalog_Action" tests="1" failures="0" timestamp="26 Oct 2016 14:46:55 GMT" time="2125.378" errors="0">
  <testcase name="SessionTimeoutLabCatalog" time="2125.378" classname="ordersModules.SessionTimeoutLabCatalog_Action"/>
</testsuite> <!-- ordersModules.SessionTimeoutLabCatalog_Action -->
