<?xml version="1.0" encoding="UTF-8"?>
<!-- Generated by org.testng.reporters.JUnitReportReporter -->
<testsuite hostname="BNGLT-4T55T72" name="inventoryModule.EHSsafety" tests="1" failures="0" timestamp="28 Jun 2017 13:58:30 GMT" time="75.844" errors="0">
  <testcase name="EHSsafety1" time="75.844" classname="inventoryModule.EHSsafety"/>
</testsuite> <!-- inventoryModule.EHSsafety -->
