<?xml version="1.0" encoding="UTF-8"?>
<!-- Generated by org.testng.reporters.JUnitReportReporter -->
<testsuite hostname="BNGLT-4T55T72" name="appModules.StorageLevel_Action" tests="1" failures="0" timestamp="24 Nov 2016 13:44:13 GMT" time="147.052" errors="0">
  <testcase name="AddStorageLevel" time="147.052" classname="appModules.StorageLevel_Action"/>
</testsuite> <!-- appModules.StorageLevel_Action -->
