<?xml version="1.0" encoding="UTF-8"?>
<!-- Generated by org.testng.reporters.JUnitReportReporter -->
<testsuite hostname="BNGLT-4T55T72" name="appModules.EditBoxLevel_Action" tests="1" failures="0" timestamp="24 Nov 2016 14:16:57 GMT" time="106.257" errors="0">
  <testcase name="EditBoxLevel" time="106.257" classname="appModules.EditBoxLevel_Action"/>
</testsuite> <!-- appModules.EditBoxLevel_Action -->
