<?xml version="1.0" encoding="UTF-8"?>
<!-- Generated by org.testng.reporters.JUnitReportReporter -->
<testsuite hostname="BNGLT-4T55T72" name="sampleAndAssayModule.WorkflowTemplate" tests="1" failures="0" timestamp="8 Feb 2017 16:40:36 GMT" time="53.043" errors="0">
  <testcase name="CreateWork" time="53.043" classname="sampleAndAssayModule.WorkflowTemplate"/>
</testsuite> <!-- sampleAndAssayModule.WorkflowTemplate -->
