<?xml version="1.0" encoding="UTF-8"?>
<!-- Generated by org.testng.reporters.JUnitReportReporter -->
<testsuite hostname="BNGLT-4T55T72" name="ordersModules.AddProductsToCartLabCatalogCartIcon_Action" tests="1" failures="0" timestamp="25 Nov 2016 16:49:36 GMT" time="65.068" errors="0">
  <testcase name="AddProductsToCartLabCatalogCartIcon" time="65.068" classname="ordersModules.AddProductsToCartLabCatalogCartIcon_Action"/>
</testsuite> <!-- ordersModules.AddProductsToCartLabCatalogCartIcon_Action -->
