<?xml version="1.0" encoding="UTF-8"?>
<!-- Generated by org.testng.reporters.JUnitReportReporter -->
<testsuite hostname="BNGLT-4T55T72" name="researchModule.PopulateSubstanceSteps_Action" tests="1" failures="0" timestamp="16 Feb 2017 11:34:37 GMT" time="190.731" errors="0">
  <testcase name="PopulateStructureAddSubstance" time="190.731" classname="researchModule.PopulateSubstanceSteps_Action"/>
</testsuite> <!-- researchModule.PopulateSubstanceSteps_Action -->
