<?xml version="1.0" encoding="UTF-8"?>
<!-- Generated by org.testng.reporters.JUnitReportReporter -->
<testsuite hostname="BNGLT-4T55T72" name="appModules.EditVendorMaterial_Action" tests="1" failures="0" timestamp="24 Nov 2016 13:35:50 GMT" time="65.885" errors="0">
  <testcase name="EditVendorMaterial" time="65.885" classname="appModules.EditVendorMaterial_Action"/>
</testsuite> <!-- appModules.EditVendorMaterial_Action -->
