<?xml version="1.0" encoding="UTF-8"?>
<!-- Generated by org.testng.reporters.JUnitReportReporter -->
<testsuite hostname="BNGLT-4T55T72" name="stockroomModule.stockroomLead.StockroomLeadAddPI_Action" tests="1" failures="0" timestamp="31 May 2017 16:29:08 GMT" time="55.054" errors="0">
  <testcase name="StockroomLeadAddPI" time="55.054" classname="stockroomModule.stockroomLead.StockroomLeadAddPI_Action"/>
</testsuite> <!-- stockroomModule.stockroomLead.StockroomLeadAddPI_Action -->
