<?xml version="1.0" encoding="UTF-8"?>
<!-- Generated by org.testng.reporters.JUnitReportReporter -->
<testsuite hostname="BNGLT-4T55T72" name="userManagement.DeleteMemberAndInvite_Action" tests="1" failures="0" timestamp="2 Jan 2018 11:40:49 GMT" time="45.087" errors="0">
  <testcase name="LabMemberInvitationFromOwner" time="45.087" classname="userManagement.DeleteMemberAndInvite_Action"/>
</testsuite> <!-- userManagement.DeleteMemberAndInvite_Action -->
