<?xml version="1.0" encoding="UTF-8"?>
<!-- Generated by org.testng.reporters.JUnitReportReporter -->
<testsuite hostname="BNGLT-4T55T72" name="storageMovement.Scenario8_Action" tests="1" failures="0" timestamp="26 Apr 2017 13:12:59 GMT" time="71.920" errors="0">
  <testcase name="Scenario8" time="71.920" classname="storageMovement.Scenario8_Action"/>
</testsuite> <!-- storageMovement.Scenario8_Action -->
