<?xml version="1.0" encoding="UTF-8"?>
<!-- Generated by org.testng.reporters.JUnitReportReporter -->
<testsuite hostname="BNGLT-4T55T72" name="ordersModules.AddProductsToCartFromCartTabAddItemToCart_Action" tests="1" failures="0" timestamp="5 Oct 2016 10:10:57 GMT" time="199.983" errors="0">
  <testcase name="AddProductsToCartFromCartTabAddItemToCart" time="199.983" classname="ordersModules.AddProductsToCartFromCartTabAddItemToCart_Action"/>
</testsuite> <!-- ordersModules.AddProductsToCartFromCartTabAddItemToCart_Action -->
