<?xml version="1.0" encoding="UTF-8"?>
<!-- Generated by org.testng.reporters.JUnitReportReporter -->
<testsuite hostname="BNGLT-4T55T72" name="storageMovement.Scenario28_29_Action" tests="1" failures="0" timestamp="10 Mar 2017 10:24:31 GMT" time="123.604" errors="0">
  <testcase name="Scenario28_29" time="123.604" classname="storageMovement.Scenario28_29_Action"/>
</testsuite> <!-- storageMovement.Scenario28_29_Action -->
