<?xml version="1.0" encoding="UTF-8"?>
<!-- Generated by org.testng.reporters.JUnitReportReporter -->
<testsuite hostname="BNGLT-4T55T72" name="ordersModule.NonB2CSigmaProduct_Action" tests="1" failures="0" timestamp="19 May 2017 13:50:20 GMT" time="156.541" errors="0">
  <testcase name="NonB2CSigmaProduct" time="156.541" classname="ordersModule.NonB2CSigmaProduct_Action"/>
</testsuite> <!-- ordersModule.NonB2CSigmaProduct_Action -->
