<?xml version="1.0" encoding="UTF-8"?>
<!-- Generated by org.testng.reporters.JUnitReportReporter -->
<testsuite hostname="BNGLT-4T55T72" name="ordersModule.AddProductsToCartDisposalPendingEHS_Action" tests="1" failures="0" timestamp="19 May 2017 13:03:15 GMT" time="111.701" errors="0">
  <testcase name="AddProductsToCartDisposalPendingEHS" time="111.701" classname="ordersModule.AddProductsToCartDisposalPendingEHS_Action"/>
</testsuite> <!-- ordersModule.AddProductsToCartDisposalPendingEHS_Action -->
