<?xml version="1.0" encoding="UTF-8"?>
<!-- Generated by org.testng.reporters.JUnitReportReporter -->
<testsuite hostname="BNGLT-4T55T72" name="userManagement.ForgotPasswordErrorAndValidationMessage_Action" tests="1" failures="0" timestamp="27 Feb 2018 12:52:54 GMT" time="29.939" errors="0">
  <testcase name="ForgotPasswordErrorAndValidationMessage" time="29.939" classname="userManagement.ForgotPasswordErrorAndValidationMessage_Action"/>
</testsuite> <!-- userManagement.ForgotPasswordErrorAndValidationMessage_Action -->
