<?xml version="1.0" encoding="UTF-8"?>
<!-- Generated by org.testng.reporters.JUnitReportReporter -->
<testsuite hostname="BNGLT-4T55T72" name="storageMovement.Scenario18_Action" tests="1" failures="0" timestamp="24 Apr 2017 14:12:11 GMT" time="79.076" errors="0">
  <testcase name="Scenario18" time="79.076" classname="storageMovement.Scenario18_Action"/>
</testsuite> <!-- storageMovement.Scenario18_Action -->
