<?xml version="1.0" encoding="UTF-8"?>
<!-- Generated by org.testng.reporters.JUnitReportReporter -->
<testsuite hostname="BNGLT-4T55T72" name="inventoryModule.EHSReports" tests="1" failures="0" timestamp="28 Jun 2017 13:56:49 GMT" time="116.331" errors="0">
  <testcase name="CreateReport" time="116.331" classname="inventoryModule.EHSReports"/>
</testsuite> <!-- inventoryModule.EHSReports -->
