<?xml version="1.0" encoding="UTF-8"?>
<!-- Generated by org.testng.reporters.JUnitReportReporter -->
<testsuite hostname="BNGLT-4T55T72" name="userManagement.EditProfile_Action" tests="1" failures="0" timestamp="11 Jan 2018 14:44:03 GMT" time="59.697" errors="0">
  <testcase name="EditProfile" time="59.697" classname="userManagement.EditProfile_Action"/>
</testsuite> <!-- userManagement.EditProfile_Action -->
