<?xml version="1.0" encoding="UTF-8"?>
<!-- Generated by org.testng.reporters.JUnitReportReporter -->
<testsuite hostname="BNGLT-4T55T72" name="inventoryModule.EditSubStorageLevel_Action" tests="1" failures="0" timestamp="17 Mar 2017 14:16:44 GMT" time="120.563" errors="0">
  <testcase name="EditSubStorageLevel" time="120.563" classname="inventoryModule.EditSubStorageLevel_Action"/>
</testsuite> <!-- inventoryModule.EditSubStorageLevel_Action -->
