<?xml version="1.0" encoding="UTF-8"?>
<!-- Generated by org.testng.reporters.JUnitReportReporter -->
<testsuite hostname="BNGLT-4T55T72" name="appModules.SearchSigmaAldrichVendorMaterial" tests="1" failures="0" timestamp="24 Aug 2016 09:29:47 GMT" time="41.653" errors="0">
  <testcase name="AddVenMat" time="41.653" classname="appModules.SearchSigmaAldrichVendorMaterial"/>
</testsuite> <!-- appModules.SearchSigmaAldrichVendorMaterial -->
