<?xml version="1.0" encoding="UTF-8"?>
<!-- Generated by org.testng.reporters.JUnitReportReporter -->
<testsuite hostname="BNGLT-4T55T72" name="ordersModules.NonSigmaProductOrderFlow_Action" tests="1" failures="0" timestamp="25 Nov 2016 11:20:30 GMT" time="39.857" errors="0">
  <testcase name="NonSigmaProductOrderFlow" time="39.857" classname="ordersModules.NonSigmaProductOrderFlow_Action"/>
</testsuite> <!-- ordersModules.NonSigmaProductOrderFlow_Action -->
