<?xml version="1.0" encoding="UTF-8"?>
<!-- Generated by org.testng.reporters.JUnitReportReporter -->
<testsuite hostname="BNGLT-4T55T72" name="jiraTickets.JiraTicket11022_Action" tests="1" failures="0" timestamp="28 Apr 2017 09:43:18 GMT" time="84.228" errors="0">
  <testcase name="JiraTicket11022" time="84.228" classname="jiraTickets.JiraTicket11022_Action"/>
</testsuite> <!-- jiraTickets.JiraTicket11022_Action -->
