<?xml version="1.0" encoding="UTF-8"?>
<!-- Generated by org.testng.reporters.JUnitReportReporter -->
<testsuite hostname="BNGLT-4T55T72" name="storageMovement.Scenario16_Action" tests="1" failures="0" timestamp="24 Apr 2017 14:04:46 GMT" time="69.366" errors="0">
  <testcase name="Scenario16" time="69.366" classname="storageMovement.Scenario16_Action"/>
</testsuite> <!-- storageMovement.Scenario16_Action -->
