<?xml version="1.0" encoding="UTF-8"?>
<!-- Generated by org.testng.reporters.JUnitReportReporter -->
<testsuite hostname="BNGLT-4T55T72" name="storageMovement.Scenario7_Action" tests="1" failures="0" timestamp="26 Apr 2017 13:11:27 GMT" time="77.015" errors="0">
  <testcase name="Scenario7" time="77.015" classname="storageMovement.Scenario7_Action"/>
</testsuite> <!-- storageMovement.Scenario7_Action -->
