<?xml version="1.0" encoding="UTF-8"?>
<!-- Generated by org.testng.reporters.JUnitReportReporter -->
<testsuite hostname="BNGLT-4T55T72" name="appModules.ScheduleEquipment_Action" tests="1" failures="0" timestamp="24 Nov 2016 13:32:53 GMT" time="119.472" errors="0">
  <testcase name="ScheduleEquipment" time="119.472" classname="appModules.ScheduleEquipment_Action"/>
</testsuite> <!-- appModules.ScheduleEquipment_Action -->
