<?xml version="1.0" encoding="UTF-8"?>
<!-- Generated by org.testng.reporters.JUnitReportReporter -->
<testsuite hostname="BNGLT-4T55T72" name="inventoryModule.MessageValidationEquipmentsPage" tests="1" failures="0" timestamp="28 Jun 2017 10:49:54 GMT" time="60.066" errors="0">
  <testcase name="MessValEquip" time="60.066" classname="inventoryModule.MessageValidationEquipmentsPage"/>
</testsuite> <!-- inventoryModule.MessageValidationEquipmentsPage -->
