<?xml version="1.0" encoding="UTF-8"?>
<!-- Generated by org.testng.reporters.JUnitReportReporter -->
<testsuite hostname="BNGLT-4T55T72" name="userManagement.LabMembersBatchUploadInvalidFile_Action" tests="1" failures="0" timestamp="27 Feb 2018 12:57:05 GMT" time="50.683" errors="0">
  <testcase name="LabMembersBatchUploadInvalidFile" time="50.683" classname="userManagement.LabMembersBatchUploadInvalidFile_Action"/>
</testsuite> <!-- userManagement.LabMembersBatchUploadInvalidFile_Action -->
