<?xml version="1.0" encoding="UTF-8"?>
<!-- Generated by org.testng.reporters.JUnitReportReporter -->
<testsuite hostname="BNGLT-4T55T72" name="ordersModules.VendorMaterialReorderMemberAsApprover_Action" tests="1" failures="0" timestamp="25 Nov 2016 14:30:00 GMT" time="174.053" errors="0">
  <testcase name="VendorMaterialReorderMemberAsApprover" time="174.053" classname="ordersModules.VendorMaterialReorderMemberAsApprover_Action"/>
</testsuite> <!-- ordersModules.VendorMaterialReorderMemberAsApprover_Action -->
