<?xml version="1.0" encoding="UTF-8"?>
<!-- Generated by org.testng.reporters.JUnitReportReporter -->
<testsuite hostname="BNGLT-4T55T72" name="userManagement.SwitchToDiffLab_Action" tests="1" failures="0" timestamp="27 Feb 2018 10:02:10 GMT" time="55.046" errors="0">
  <testcase name="SwitchToDiffLab" time="55.046" classname="userManagement.SwitchToDiffLab_Action"/>
</testsuite> <!-- userManagement.SwitchToDiffLab_Action -->
