<?xml version="1.0" encoding="UTF-8"?>
<!-- Generated by org.testng.reporters.JUnitReportReporter -->
<testsuite hostname="BNGLT-4T55T72" name="stockroomModule.stockroomAdmin.StockroomAdminUploadSplOrder_Action" tests="1" failures="0" timestamp="6 Jun 2017 12:58:14 GMT" time="121.826" errors="0">
  <testcase name="StockroomAdminUploadSplOrder" time="121.826" classname="stockroomModule.stockroomAdmin.StockroomAdminUploadSplOrder_Action"/>
</testsuite> <!-- stockroomModule.stockroomAdmin.StockroomAdminUploadSplOrder_Action -->
