<?xml version="1.0" encoding="UTF-8"?>
<!-- Generated by org.testng.reporters.JUnitReportReporter -->
<testsuite hostname="BNGLT-4T55T72" name="appModules.MessageValidationMaterialsPage" tests="1" failures="0" timestamp="24 Nov 2016 11:25:38 GMT" time="106.613" errors="0">
  <testcase name="MessValMaterial" time="106.613" classname="appModules.MessageValidationMaterialsPage"/>
</testsuite> <!-- appModules.MessageValidationMaterialsPage -->
