<?xml version="1.0" encoding="UTF-8"?>
<!-- Generated by org.testng.reporters.JUnitReportReporter -->
<testsuite hostname="BNGLT-4T55T72" name="stockroomModule.AddSingleProductAutopopulate_Action" tests="2" failures="0" timestamp="26 May 2017 09:15:46 GMT" time="143.110" errors="0">
  <testcase name="AddSingleProductManual" time="43.076" classname="stockroomModule.AddSingleProductAutopopulate_Action"/>
  <testcase name="AddSingleProductAutopopulate" time="100.034" classname="stockroomModule.AddSingleProductAutopopulate_Action"/>
</testsuite> <!-- stockroomModule.AddSingleProductAutopopulate_Action -->
