<?xml version="1.0" encoding="UTF-8"?>
<!-- Generated by org.testng.reporters.JUnitReportReporter -->
<testsuite hostname="BNGLT-4T55T72" name="stockroomModule.AddPI_Action" tests="1" failures="0" timestamp="29 May 2017 13:27:54 GMT" time="72.729" errors="0">
  <testcase name="AddPI" time="72.729" classname="stockroomModule.AddPI_Action"/>
</testsuite> <!-- stockroomModule.AddPI_Action -->
