<?xml version="1.0" encoding="UTF-8"?>
<!-- Generated by org.testng.reporters.JUnitReportReporter -->
<testsuite hostname="BNGLT-4T55T72" name="ordersModules.AddProductsToCartMaterialReorder_Action" tests="1" failures="0" timestamp="6 Oct 2016 10:11:19 GMT" time="174.843" errors="0">
  <testcase name="AddProductsToCartMaterialReorder" time="174.843" classname="ordersModules.AddProductsToCartMaterialReorder_Action"/>
</testsuite> <!-- ordersModules.AddProductsToCartMaterialReorder_Action -->
