<?xml version="1.0" encoding="UTF-8"?>
<!-- Generated by org.testng.reporters.JUnitReportReporter -->
<testsuite hostname="BNGLT-4T55T72" name="userManagement.UserRoleChangeEmailVerification_Action" tests="1" failures="0" timestamp="27 Feb 2018 15:46:03 GMT" time="78.346" errors="0">
  <testcase name="UserRoleChangeEmailVerification" time="78.346" classname="userManagement.UserRoleChangeEmailVerification_Action"/>
</testsuite> <!-- userManagement.UserRoleChangeEmailVerification_Action -->
