<?xml version="1.0" encoding="UTF-8"?>
<!-- Generated by org.testng.reporters.JUnitReportReporter -->
<testsuite hostname="BNGLT-4T55T72" name="appModules.EHSReports" tests="1" failures="0" timestamp="30 Nov 2016 12:53:09 GMT" time="74.775" errors="0">
  <testcase name="CreateReport" time="74.775" classname="appModules.EHSReports"/>
</testsuite> <!-- appModules.EHSReports -->
