<?xml version="1.0" encoding="UTF-8"?>
<!-- Generated by org.testng.reporters.JUnitReportReporter -->
<testsuite hostname="BNGLT-4T55T72" name="researchModule.BiologyManagePermissionMemberAsOwner_Action" tests="1" failures="0" timestamp="23 May 2017 13:44:59 GMT" time="133.170" errors="0">
  <testcase name="BiologyManagePermissionMemberAsOwner" time="133.170" classname="researchModule.BiologyManagePermissionMemberAsOwner_Action"/>
</testsuite> <!-- researchModule.BiologyManagePermissionMemberAsOwner_Action -->
