<?xml version="1.0" encoding="UTF-8"?>
<!-- Generated by org.testng.reporters.JUnitReportReporter -->
<testsuite hostname="BNGLT-4T55T72" name="storageMovement.Scenario1_Action" tests="1" failures="0" timestamp="22 May 2017 16:34:08 GMT" time="81.781" errors="0">
  <testcase name="Scenario1" time="81.781" classname="storageMovement.Scenario1_Action"/>
</testsuite> <!-- storageMovement.Scenario1_Action -->
