<?xml version="1.0" encoding="UTF-8"?>
<!-- Generated by org.testng.reporters.JUnitReportReporter -->
<testsuite hostname="BNGLT-4T55T72" name="ordersModule.AddProductsToCartMaterialMultiselectReorder_Action" tests="1" failures="0" timestamp="19 May 2017 13:32:37 GMT" time="99.999" errors="0">
  <testcase name="AddProductsToCartMaterialMultiselectReorder" time="99.999" classname="ordersModule.AddProductsToCartMaterialMultiselectReorder_Action"/>
</testsuite> <!-- ordersModule.AddProductsToCartMaterialMultiselectReorder_Action -->
