<?xml version="1.0" encoding="UTF-8"?>
<!-- Generated by org.testng.reporters.JUnitReportReporter -->
<testsuite hostname="BNGLT-4T55T72" name="stockroomModule.MSAdmin.AddSingleProductAutopopulate_Action" tests="1" failures="0" timestamp="20 Jun 2017 12:26:44 GMT" time="73.462" errors="0">
  <testcase name="AddSingleProductAutopopulate" time="73.462" classname="stockroomModule.MSAdmin.AddSingleProductAutopopulate_Action"/>
</testsuite> <!-- stockroomModule.MSAdmin.AddSingleProductAutopopulate_Action -->
