<?xml version="1.0" encoding="UTF-8"?>
<!-- Generated by org.testng.reporters.JUnitReportReporter -->
<testsuite hostname="BNGLT-4T55T72" name="userManagement.LabMembersErrorAndValidationMessage_Action" tests="1" failures="0" timestamp="27 Feb 2018 12:56:00 GMT" time="47.778" errors="0">
  <testcase name="LabMembersErrorAndValidationMessage" time="47.778" classname="userManagement.LabMembersErrorAndValidationMessage_Action"/>
</testsuite> <!-- userManagement.LabMembersErrorAndValidationMessage_Action -->
