<?xml version="1.0" encoding="UTF-8"?>
<!-- Generated by org.testng.reporters.JUnitReportReporter -->
<testsuite hostname="BNGLT-4T55T72" name="stockroomModule.stockroomAdmin.StockroomAdminDLSplOrdTemp_Action" tests="1" failures="0" timestamp="6 Jun 2017 12:29:08 GMT" time="65.690" errors="0">
  <testcase name="StockroomAdminDLSplOrdTemp" time="65.690" classname="stockroomModule.stockroomAdmin.StockroomAdminDLSplOrdTemp_Action"/>
</testsuite> <!-- stockroomModule.stockroomAdmin.StockroomAdminDLSplOrdTemp_Action -->
