<?xml version="1.0" encoding="UTF-8"?>
<!-- Generated by org.testng.reporters.JUnitReportReporter -->
<testsuite hostname="BNGLT-4T55T72" name="inventoryModule.InventoryHome_Action" tests="1" failures="0" timestamp="21 Dec 2016 09:38:44 GMT" time="94.339" errors="0">
  <testcase name="InventoryHomeCount" time="94.339" classname="inventoryModule.InventoryHome_Action"/>
</testsuite> <!-- inventoryModule.InventoryHome_Action -->
