<?xml version="1.0" encoding="UTF-8"?>
<!-- Generated by org.testng.reporters.JUnitReportReporter -->
<testsuite hostname="BNGLT-4T55T72" name="storageMovement.Scenario20_Action" tests="1" failures="0" timestamp="24 Apr 2017 14:15:25 GMT" time="86.226" errors="0">
  <testcase name="Scenario20" time="86.226" classname="storageMovement.Scenario20_Action"/>
</testsuite> <!-- storageMovement.Scenario20_Action -->
