<?xml version="1.0" encoding="UTF-8"?>
<!-- Generated by org.testng.reporters.JUnitReportReporter -->
<testsuite hostname="BNGLT-4T55T72" name="sampleAndAssayModule.SampleTestList" tests="1" failures="0" timestamp="8 Feb 2017 16:29:26 GMT" time="62.076" errors="0">
  <testcase name="SampleTestList_Action" time="62.076" classname="sampleAndAssayModule.SampleTestList"/>
</testsuite> <!-- sampleAndAssayModule.SampleTestList -->
