<?xml version="1.0" encoding="UTF-8"?>
<!-- Generated by org.testng.reporters.JUnitReportReporter -->
<testsuite hostname="BNGLT-4T55T72" name="storageMovement.Scenario14_Action" tests="1" failures="0" timestamp="24 Apr 2017 13:45:46 GMT" time="110.084" errors="0">
  <testcase name="Scenario14" time="110.084" classname="storageMovement.Scenario14_Action"/>
</testsuite> <!-- storageMovement.Scenario14_Action -->
