<?xml version="1.0" encoding="UTF-8"?>
<!-- Generated by org.testng.reporters.JUnitReportReporter -->
<testsuite hostname="BNGLT-4T55T72" name="test.ExtentReportTest" tests="1" failures="0" timestamp="23 Aug 2016 11:36:22 GMT" time="20.055" errors="0">
  <testcase name="verifySeleniumBlog" time="20.055" classname="test.ExtentReportTest"/>
</testsuite> <!-- test.ExtentReportTest -->
