<?xml version="1.0" encoding="UTF-8"?>
<!-- Generated by org.testng.reporters.JUnitReportReporter -->
<testsuite hostname="BNGLT-4T55T72" name="userManagement.LabMembersBatchUpload_Action" tests="1" failures="0" timestamp="28 Feb 2018 11:01:31 GMT" time="238.120" errors="0">
  <testcase name="LabMembersBatchUpload" time="238.120" classname="userManagement.LabMembersBatchUpload_Action"/>
</testsuite> <!-- userManagement.LabMembersBatchUpload_Action -->
