<?xml version="1.0" encoding="UTF-8"?>
<!-- Generated by org.testng.reporters.JUnitReportReporter -->
<testsuite hostname="BNGLT-4T55T72" name="researchModule.AddBiologyProject_Action" tests="1" failures="0" timestamp="23 May 2017 10:02:21 GMT" time="135.647" errors="0">
  <testcase name="AddBioProj" time="135.647" classname="researchModule.AddBiologyProject_Action"/>
</testsuite> <!-- researchModule.AddBiologyProject_Action -->
