<?xml version="1.0" encoding="UTF-8"?>
<!-- Generated by org.testng.reporters.JUnitReportReporter -->
<testsuite hostname="BNGLT-4T55T72" name="storageMovement.Scenario25_Action" tests="1" failures="0" timestamp="24 Apr 2017 14:23:22 GMT" time="83.869" errors="0">
  <testcase name="Scenario25" time="83.869" classname="storageMovement.Scenario25_Action"/>
</testsuite> <!-- storageMovement.Scenario25_Action -->
