<?xml version="1.0" encoding="UTF-8"?>
<!-- Generated by org.testng.reporters.JUnitReportReporter -->
<testsuite hostname="BNGLT-4T55T72" name="ordersModule.AddProductsToCartDisposedReorder_Action" tests="1" failures="0" timestamp="19 May 2017 13:06:19 GMT" time="99.099" errors="0">
  <testcase name="AddProductsToCartMaterialSelMatReorder" time="99.099" classname="ordersModule.AddProductsToCartDisposedReorder_Action"/>
</testsuite> <!-- ordersModule.AddProductsToCartDisposedReorder_Action -->
