<?xml version="1.0" encoding="UTF-8"?>
<!-- Generated by org.testng.reporters.JUnitReportReporter -->
<testsuite hostname="BNGLT-4T55T72" name="userManagement.ChangePasswordErrorAndValidationMessage_Action" tests="1" failures="0" timestamp="27 Feb 2018 12:54:22 GMT" time="54.085" errors="0">
  <testcase name="ChangePasswordErrorAndValidationMessage" time="54.085" classname="userManagement.ChangePasswordErrorAndValidationMessage_Action"/>
</testsuite> <!-- userManagement.ChangePasswordErrorAndValidationMessage_Action -->
