<?xml version="1.0" encoding="UTF-8"?>
<!-- Generated by org.testng.reporters.JUnitReportReporter -->
<testsuite hostname="BNGLT-4T55T72" name="inventoryModule.EditHomegrownMaterial_Action" tests="1" failures="0" timestamp="16 Mar 2017 15:58:36 GMT" time="47.007" errors="0">
  <testcase name="EditHomegrownMaterial" time="47.007" classname="inventoryModule.EditHomegrownMaterial_Action"/>
</testsuite> <!-- inventoryModule.EditHomegrownMaterial_Action -->
