<?xml version="1.0" encoding="UTF-8"?>
<!-- Generated by org.testng.reporters.JUnitReportReporter -->
<testsuite hostname="BNGLT-4T55T72" name="inventoryModule.EHSSafetyDashboard" tests="1" failures="0" timestamp="28 Jun 2017 14:03:50 GMT" time="79.592" errors="0">
  <testcase name="EHSsafetyHome" time="79.592" classname="inventoryModule.EHSSafetyDashboard"/>
</testsuite> <!-- inventoryModule.EHSSafetyDashboard -->
