<?xml version="1.0" encoding="UTF-8"?>
<!-- Generated by org.testng.reporters.JUnitReportReporter -->
<testsuite hostname="BNGLT-4T55T72" name="inventoryModule.AddVendorMaterial_Action" tests="1" failures="0" timestamp="22 May 2017 10:22:51 GMT" time="98.883" errors="0">
  <testcase name="AddVenMat" time="98.883" classname="inventoryModule.AddVendorMaterial_Action"/>
</testsuite> <!-- inventoryModule.AddVendorMaterial_Action -->
