<?xml version="1.0" encoding="UTF-8"?>
<!-- Generated by org.testng.reporters.JUnitReportReporter -->
<testsuite hostname="BNGLT-4T55T72" name="stockroomUserManagement.VerifyContactUs_Action" tests="1" failures="0" timestamp="24 Jan 2018 12:01:36 GMT" time="36.594" errors="0">
  <testcase name="VerifyContactUs" time="36.594" classname="stockroomUserManagement.VerifyContactUs_Action"/>
</testsuite> <!-- stockroomUserManagement.VerifyContactUs_Action -->
