<?xml version="1.0" encoding="UTF-8"?>
<!-- Generated by org.testng.reporters.JUnitReportReporter -->
<testsuite hostname="BNGLT-4T55T72" name="userManagement.ContactUs_Action" tests="1" failures="0" timestamp="26 Feb 2018 16:27:10 GMT" time="54.654" errors="0">
  <testcase name="ContactUs" time="54.654" classname="userManagement.ContactUs_Action"/>
</testsuite> <!-- userManagement.ContactUs_Action -->
