<?xml version="1.0" encoding="UTF-8"?>
<!-- Generated by org.testng.reporters.JUnitReportReporter -->
<testsuite hostname="BNGLT-4T55T72" name="appModules.AddVendor_Action" tests="1" failures="0" timestamp="12 Sep 2016 09:23:22 GMT" time="55.758" errors="0">
  <testcase name="AddVen" time="55.758" classname="appModules.AddVendor_Action"/>
</testsuite> <!-- appModules.AddVendor_Action -->
